Using pre-set license
Built from '2021.3/evg/staging/82bb020e-b03b1330/draft-0' branch; Version is '2021.3.16f1 (4016570cf34f) revision 4200023'; Using compiler version '192829333'; Build Type 'Release'
OS: 'Windows 11  (10.0.22631) 64bit Core' Language: 'es' Physical Memory: 15713 MB
BatchMode: 1, IsHumanControllingUs: 0, StartBugReporterOnCrash: 0, Is64bit: 1, IsPro: 1

COMMAND LINE ARGUMENTS:
C:\Program Files\Unity\Hub\Editor\2021.3.16f1\Editor\Unity.exe
-adb2
-batchMode
-noUpm
-name
AssetImportWorker0
-projectPath
C:/Users/dani_/OneDrive/Escritorio/IApdVj-MovimientoProyecto
-logFile
Logs/AssetImportWorker0.log
-srvPort
53685
Successfully changed project path to: C:/Users/dani_/OneDrive/Escritorio/IApdVj-MovimientoProyecto
C:/Users/dani_/OneDrive/Escritorio/IApdVj-MovimientoProyecto
[UnityMemory] Configuration Parameters - Can be set up in boot.config
    "memorysetup-bucket-allocator-granularity=16"
    "memorysetup-bucket-allocator-bucket-count=8"
    "memorysetup-bucket-allocator-block-size=33554432"
    "memorysetup-bucket-allocator-block-count=8"
    "memorysetup-main-allocator-block-size=16777216"
    "memorysetup-thread-allocator-block-size=16777216"
    "memorysetup-gfx-main-allocator-block-size=16777216"
    "memorysetup-gfx-thread-allocator-block-size=16777216"
    "memorysetup-cache-allocator-block-size=4194304"
    "memorysetup-typetree-allocator-block-size=2097152"
    "memorysetup-profiler-bucket-allocator-granularity=16"
    "memorysetup-profiler-bucket-allocator-bucket-count=8"
    "memorysetup-profiler-bucket-allocator-block-size=33554432"
    "memorysetup-profiler-bucket-allocator-block-count=8"
    "memorysetup-profiler-allocator-block-size=16777216"
    "memorysetup-profiler-editor-allocator-block-size=1048576"
    "memorysetup-temp-allocator-size-main=16777216"
    "memorysetup-job-temp-allocator-block-size=2097152"
    "memorysetup-job-temp-allocator-block-size-background=1048576"
    "memorysetup-job-temp-allocator-reduction-small-platforms=262144"
    "memorysetup-temp-allocator-size-background-worker=32768"
    "memorysetup-temp-allocator-size-job-worker=262144"
    "memorysetup-temp-allocator-size-preload-manager=33554432"
    "memorysetup-temp-allocator-size-nav-mesh-worker=65536"
    "memorysetup-temp-allocator-size-audio-worker=65536"
    "memorysetup-temp-allocator-size-cloud-worker=32768"
    "memorysetup-temp-allocator-size-gi-baking-worker=262144"
    "memorysetup-temp-allocator-size-gfx=262144"
Player connection [28312] Host "[IP] 192.168.0.43 [Port] 0 [Flags] 2 [Guid] 534820257 [EditorId] 534820257 [Version] 1048832 [Id] WindowsEditor(7,daniW11) [Debug] 1 [PackageName] WindowsEditor [ProjectName] Editor" joined multi-casting on [225.0.0.222:54997]...

Player connection [28312] Host "[IP] 192.168.0.43 [Port] 0 [Flags] 2 [Guid] 534820257 [EditorId] 534820257 [Version] 1048832 [Id] WindowsEditor(7,daniW11) [Debug] 1 [PackageName] WindowsEditor [ProjectName] Editor" joined alternative multi-casting on [225.0.0.222:34997]...

Refreshing native plugins compatible for Editor in 165.44 ms, found 3 plugins.
Preloading 0 native plugins for Editor in 0.00 ms.
Initialize engine version: 2021.3.16f1 (4016570cf34f)
[Subsystems] Discovering subsystems at path C:/Program Files/Unity/Hub/Editor/2021.3.16f1/Editor/Data/Resources/UnitySubsystems
[Subsystems] Discovering subsystems at path C:/Users/dani_/OneDrive/Escritorio/IApdVj-MovimientoProyecto/Assets
GfxDevice: creating device client; threaded=0; jobified=0
Direct3D:
    Version:  Direct3D 11.0 [level 11.1]
    Renderer: NVIDIA GeForce RTX 3050 Ti Laptop GPU (ID=0x25a0)
    Vendor:   NVIDIA
    VRAM:     3976 MB
    Driver:   31.0.15.3713
Initialize mono
Mono path[0] = 'C:/Program Files/Unity/Hub/Editor/2021.3.16f1/Editor/Data/Managed'
Mono path[1] = 'C:/Program Files/Unity/Hub/Editor/2021.3.16f1/Editor/Data/MonoBleedingEdge/lib/mono/unityjit-win32'
Mono config path = 'C:/Program Files/Unity/Hub/Editor/2021.3.16f1/Editor/Data/MonoBleedingEdge/etc'
Using monoOptions --debugger-agent=transport=dt_socket,embedding=1,server=y,suspend=n,address=127.0.0.1:56436
Begin MonoManager ReloadAssembly
Registering precompiled unity dll's ...
Register platform support module: C:/Program Files/Unity/Hub/Editor/2021.3.16f1/Editor/Data/PlaybackEngines/WindowsStandaloneSupport/UnityEditor.WindowsStandalone.Extensions.dll
Registered in 0.008499 seconds.
Native extension for WindowsStandalone target not found
Refreshing native plugins compatible for Editor in 143.38 ms, found 3 plugins.
Preloading 0 native plugins for Editor in 0.00 ms.
Mono: successfully reloaded assembly
- Completed reload, in  1.179 seconds
Domain Reload Profiling:
	ReloadAssembly (1179ms)
		BeginReloadAssembly (122ms)
			ExecutionOrderSort (0ms)
			DisableScriptedObjects (0ms)
			BackupInstance (0ms)
			ReleaseScriptingObjects (0ms)
			CreateAndSetChildDomain (1ms)
		EndReloadAssembly (857ms)
			LoadAssemblies (118ms)
			RebuildTransferFunctionScriptingTraits (0ms)
			SetupTypeCache (182ms)
			ReleaseScriptCaches (0ms)
			RebuildScriptCaches (51ms)
			SetupLoadedEditorAssemblies (520ms)
				LogAssemblyErrors (0ms)
				InitializePlatformSupportModulesInManaged (15ms)
				SetLoadedEditorAssemblies (0ms)
				RefreshPlugins (143ms)
				BeforeProcessingInitializeOnLoad (2ms)
				ProcessInitializeOnLoadAttributes (267ms)
				ProcessInitializeOnLoadMethodAttributes (93ms)
				AfterProcessingInitializeOnLoad (0ms)
				EditorAssembliesLoaded (0ms)
			ExecutionOrderSort2 (0ms)
			AwakeInstancesAfterBackupRestoration (0ms)
Platform modules already initialized, skipping
Registering precompiled user dll's ...
Registered in 0.013103 seconds.
Begin MonoManager ReloadAssembly
Symbol file LoadedFromMemory doesn't match image C:\Users\dani_\OneDrive\Escritorio\IApdVj-MovimientoProyecto\Library\PackageCache\com.unity.visualscripting@1.7.8\Editor\VisualScripting.Core\Dependencies\YamlDotNet\Unity.VisualScripting.YamlDotNet.dll
Symbol file LoadedFromMemory doesn't match image C:\Users\dani_\OneDrive\Escritorio\IApdVj-MovimientoProyecto\Library\PackageCache\com.unity.visualscripting@1.7.8\Editor\VisualScripting.Core\Dependencies\DotNetZip\Unity.VisualScripting.IonicZip.dll
Native extension for WindowsStandalone target not found
Refreshing native plugins compatible for Editor in 0.93 ms, found 3 plugins.
Preloading 0 native plugins for Editor in 0.00 ms.
Mono: successfully reloaded assembly
- Completed reload, in  1.956 seconds
Domain Reload Profiling:
	ReloadAssembly (1958ms)
		BeginReloadAssembly (199ms)
			ExecutionOrderSort (0ms)
			DisableScriptedObjects (11ms)
			BackupInstance (0ms)
			ReleaseScriptingObjects (0ms)
			CreateAndSetChildDomain (33ms)
		EndReloadAssembly (1533ms)
			LoadAssemblies (143ms)
			RebuildTransferFunctionScriptingTraits (0ms)
			SetupTypeCache (510ms)
			ReleaseScriptCaches (1ms)
			RebuildScriptCaches (104ms)
			SetupLoadedEditorAssemblies (701ms)
				LogAssemblyErrors (0ms)
				InitializePlatformSupportModulesInManaged (9ms)
				SetLoadedEditorAssemblies (1ms)
				RefreshPlugins (1ms)
				BeforeProcessingInitializeOnLoad (161ms)
				ProcessInitializeOnLoadAttributes (469ms)
				ProcessInitializeOnLoadMethodAttributes (49ms)
				AfterProcessingInitializeOnLoad (11ms)
				EditorAssembliesLoaded (0ms)
			ExecutionOrderSort2 (0ms)
			AwakeInstancesAfterBackupRestoration (11ms)
Platform modules already initialized, skipping
========================================================================
Worker process is ready to serve import requests
Launched and connected shader compiler UnityShaderCompiler.exe after 0.08 seconds
Refreshing native plugins compatible for Editor in 1.38 ms, found 3 plugins.
Preloading 0 native plugins for Editor in 0.00 ms.
Unloading 3387 Unused Serialized files (Serialized files now loaded: 0)
Unloading 25 unused Assets / (56.5 KB). Loaded Objects now: 3846.
Memory consumption went from 116.1 MB to 116.1 MB.
Total: 6.880500 ms (FindLiveObjects: 0.403700 ms CreateObjectMapping: 0.229900 ms MarkObjects: 6.098700 ms  DeleteObjects: 0.146100 ms)

AssetImportParameters requested are different than current active one (requested -> active):
  custom:video-decoder-ogg-theora: a1e56fd34408186e4bbccfd4996cb3dc -> 
  custom:container-muxer-webm: aa71ff27fc2769a1b78a27578f13a17b -> 
  custom:container-demuxer-webm: 4f35f7cbe854078d1ac9338744f61a02 -> 
  custom:video-encoder-webm-vp8: eb34c28f22e8b96e1ab97ce403110664 -> 
  custom:video-codec-MediaFoundation-h265: 746d11721c4dcdbdad8f713fa42b33f4 -> 
  custom:audio-encoder-webm-vorbis: bf7c407c2cedff20999df2af8eb42d56 -> 
  custom:framework-win-MediaFoundation: 216162199b28c13a410421893ffa2e32 -> 
  custom:container-demuxer-ogg: 62fdf1f143b41e24485cea50d1cbac27 -> 
  custom:video-decoder-webm-vp8: 9c59270c3fd7afecdb556c50c9e8de78 -> 
  custom:audio-decoder-ogg-vorbis: bf7c407c2cedff20999df2af8eb42d56 -> 
========================================================================
Received Import Request.
  Time since last request: 248559.812227 seconds.
  path: Assets/Store_Unity/Characters/Mini Simple Characters Skeleton Demo/Readme.asset
  artifactKey: Guid(447108942fa59f243b3e1f146cab91c2) Importer(815301076,1909f56bfc062723c751e8b465ee728b)
Start importing Assets/Store_Unity/Characters/Mini Simple Characters Skeleton Demo/Readme.asset using Guid(447108942fa59f243b3e1f146cab91c2) Importer(815301076,1909f56bfc062723c751e8b465ee728b)  -> (artifact id: '2c8e49dd7107e23cb8fa46a9eb0bbe25') in 0.085154 seconds 
========================================================================
Received Import Request.
  Time since last request: 14.056580 seconds.
  path: Assets/Semana 2/UnaPropuestaDeDisenoAgentes.png
  artifactKey: Guid(b8d1135b7de2b8d44b0f1a7580f42174) Importer(815301076,1909f56bfc062723c751e8b465ee728b)
Start importing Assets/Semana 2/UnaPropuestaDeDisenoAgentes.png using Guid(b8d1135b7de2b8d44b0f1a7580f42174) Importer(815301076,1909f56bfc062723c751e8b465ee728b)  -> (artifact id: '2f98f9cf49782571a4f6273eb7a37196') in 0.161837 seconds 
========================================================================
Received Import Request.
  Time since last request: 3.510754 seconds.
  path: Assets/Semana 2/xd
  artifactKey: Guid(784ee0cde9a553e44a76b30e5aad89ed) Importer(815301076,1909f56bfc062723c751e8b465ee728b)
Start importing Assets/Semana 2/xd using Guid(784ee0cde9a553e44a76b30e5aad89ed) Importer(815301076,1909f56bfc062723c751e8b465ee728b)  -> (artifact id: '0d82ef633485222fa280b149c57bcacc') in 0.017262 seconds 
========================================================================
Received Import Request.
  Time since last request: 2.786323 seconds.
  path: Assets/Semana 2/Prefabs
  artifactKey: Guid(99c31dfc3c4b54a4ea1f87504ea482d9) Importer(815301076,1909f56bfc062723c751e8b465ee728b)
Start importing Assets/Semana 2/Prefabs using Guid(99c31dfc3c4b54a4ea1f87504ea482d9) Importer(815301076,1909f56bfc062723c751e8b465ee728b)  -> (artifact id: '2e2d510378727683892ed322cd3305ea') in 0.013046 seconds 
========================================================================
Received Import Request.
  Time since last request: 0.060013 seconds.
  path: Assets/Semana 2/Prefabs/Floor.prefab
  artifactKey: Guid(5ce433fbbf184524298b5c427e0c48e2) Importer(815301076,1909f56bfc062723c751e8b465ee728b)
Start importing Assets/Semana 2/Prefabs/Floor.prefab using Guid(5ce433fbbf184524298b5c427e0c48e2) Importer(815301076,1909f56bfc062723c751e8b465ee728b)  -> (artifact id: 'c5df35d4a8f3a2355e6cfc3e07c348f0') in 0.115457 seconds 
========================================================================
Received Import Request.
  Time since last request: 0.000032 seconds.
  path: Assets/Semana 2/Prefabs/Mark.prefab
  artifactKey: Guid(ce747666572a26446bae07dbd0d5c9fa) Importer(815301076,1909f56bfc062723c751e8b465ee728b)
Start importing Assets/Semana 2/Prefabs/Mark.prefab using Guid(ce747666572a26446bae07dbd0d5c9fa) Importer(815301076,1909f56bfc062723c751e8b465ee728b)  -> (artifact id: '575e4a0751ac210967da434ea6338549') in 0.036946 seconds 
========================================================================
Received Import Request.
  Time since last request: 3.843017 seconds.
  path: Assets/Semana 2/ScriptsAI
  artifactKey: Guid(2ab445010114aa64f9bbb709385173e6) Importer(815301076,1909f56bfc062723c751e8b465ee728b)
Start importing Assets/Semana 2/ScriptsAI using Guid(2ab445010114aa64f9bbb709385173e6) Importer(815301076,1909f56bfc062723c751e8b465ee728b)  -> (artifact id: 'a42e5b256797c972130d05e53671ad27') in 0.019863 seconds 
========================================================================
Received Import Request.
  Time since last request: 1.498094 seconds.
  path: Assets/Semana 2/ScriptsAI/Steering
  artifactKey: Guid(2c4583e05ace8ba4fa767566a780f89a) Importer(815301076,1909f56bfc062723c751e8b465ee728b)
Start importing Assets/Semana 2/ScriptsAI/Steering using Guid(2c4583e05ace8ba4fa767566a780f89a) Importer(815301076,1909f56bfc062723c751e8b465ee728b)  -> (artifact id: '9337a9f97ebd95c0a694a6541377fae9') in 0.016873 seconds 
========================================================================
Received Import Request.
  Time since last request: 1.853792 seconds.
  path: Assets/Semana 2/ScriptsAI/Steering/Generic
  artifactKey: Guid(fb8d1cd847b19194fa5cdc99bff13b72) Importer(815301076,1909f56bfc062723c751e8b465ee728b)
Start importing Assets/Semana 2/ScriptsAI/Steering/Generic using Guid(fb8d1cd847b19194fa5cdc99bff13b72) Importer(815301076,1909f56bfc062723c751e8b465ee728b)  -> (artifact id: '6bea8bc3a548d06dec4010efc614a06a') in 0.017022 seconds 
========================================================================
Received Import Request.
  Time since last request: 2.080377 seconds.
  path: Assets/Semana 2/ScriptsAI/Steering/Generic/SteeringBehaviour.cs
  artifactKey: Guid(1120f57f5a840234b9f920035e9cb206) Importer(815301076,1909f56bfc062723c751e8b465ee728b)
Start importing Assets/Semana 2/ScriptsAI/Steering/Generic/SteeringBehaviour.cs using Guid(1120f57f5a840234b9f920035e9cb206) Importer(815301076,1909f56bfc062723c751e8b465ee728b)  -> (artifact id: 'eb0d9930d18e828ee8ca957435f2979f') in 0.025005 seconds 
========================================================================
Received Import Request.
  Time since last request: 11.626876 seconds.
  path: Assets/Semana 2/ScriptsAI/Steering/Basic/Seek_IanMillington.cs
  artifactKey: Guid(dcfd75522dc03f74ba1b1a57f56379b9) Importer(815301076,1909f56bfc062723c751e8b465ee728b)
Start importing Assets/Semana 2/ScriptsAI/Steering/Basic/Seek_IanMillington.cs using Guid(dcfd75522dc03f74ba1b1a57f56379b9) Importer(815301076,1909f56bfc062723c751e8b465ee728b)  -> (artifact id: 'daffd98713607c2f73298a12a0d8b3ee') in 0.022694 seconds 
========================================================================
Received Import Request.
  Time since last request: 20.375402 seconds.
  path: Assets/Semana 2/ScriptsAI/Steering/Basic/Seek.cs
  artifactKey: Guid(b7a2ed17f613a8749964588d750da61f) Importer(815301076,1909f56bfc062723c751e8b465ee728b)
Start importing Assets/Semana 2/ScriptsAI/Steering/Basic/Seek.cs using Guid(b7a2ed17f613a8749964588d750da61f) Importer(815301076,1909f56bfc062723c751e8b465ee728b)  -> (artifact id: '0b6f421a8491e5619474a375205e0689') in 0.021196 seconds 
========================================================================
Received Import Request.
  Time since last request: 343.551324 seconds.
  path: Assets/Semana 2/ScriptsAI/Steering/Generic/Steering.cs
  artifactKey: Guid(7693bc16786649a4e9c58dfe3edfd81a) Importer(815301076,1909f56bfc062723c751e8b465ee728b)
Start importing Assets/Semana 2/ScriptsAI/Steering/Generic/Steering.cs using Guid(7693bc16786649a4e9c58dfe3edfd81a) Importer(815301076,1909f56bfc062723c751e8b465ee728b)  -> (artifact id: 'cd581f1ee4ee157014209c51dfe3e90b') in 0.004884 seconds 
========================================================================
Received Import Request.
  Time since last request: 2334.529786 seconds.
  path: Assets/Semana 2/ScriptsAI/NPC/AgentNPC.cs
  artifactKey: Guid(77d203e69b7ce4a82b2f0a212520fdf0) Importer(815301076,1909f56bfc062723c751e8b465ee728b)
Start importing Assets/Semana 2/ScriptsAI/NPC/AgentNPC.cs using Guid(77d203e69b7ce4a82b2f0a212520fdf0) Importer(815301076,1909f56bfc062723c751e8b465ee728b)  -> (artifact id: '51a833be7de83e0bad2c99973f99b98a') in 0.017124 seconds 
========================================================================
Received Import Request.
  Time since last request: 198.020726 seconds.
  path: Assets/Semana 2/ScriptsAI/NPC/AgentPlayer.cs
  artifactKey: Guid(fee2a1671229844bda66e9353f90b469) Importer(815301076,1909f56bfc062723c751e8b465ee728b)
Start importing Assets/Semana 2/ScriptsAI/NPC/AgentPlayer.cs using Guid(fee2a1671229844bda66e9353f90b469) Importer(815301076,1909f56bfc062723c751e8b465ee728b)  -> (artifact id: '4c756665a247dd56f24b1d6252b6c722') in 0.023418 seconds 
========================================================================
Received Import Request.
  Time since last request: 1.057439 seconds.
  path: Assets/Semana 2/ScriptsAI/NPC/AgentPlayerWithAnimation.cs
  artifactKey: Guid(387496bd3a040481f836bb7172d1cfe0) Importer(815301076,1909f56bfc062723c751e8b465ee728b)
Start importing Assets/Semana 2/ScriptsAI/NPC/AgentPlayerWithAnimation.cs using Guid(387496bd3a040481f836bb7172d1cfe0) Importer(815301076,1909f56bfc062723c751e8b465ee728b)  -> (artifact id: '7d89592be1ed3976b9cbc007382e3d8a') in 0.014490 seconds 
========================================================================
Received Import Request.
  Time since last request: 8.962979 seconds.
  path: Assets/Semana 2/ScriptsAI/NPC/Bodi.cs
  artifactKey: Guid(d4bb78c02562c4b25808f61f622b0b21) Importer(815301076,1909f56bfc062723c751e8b465ee728b)
Start importing Assets/Semana 2/ScriptsAI/NPC/Bodi.cs using Guid(d4bb78c02562c4b25808f61f622b0b21) Importer(815301076,1909f56bfc062723c751e8b465ee728b)  -> (artifact id: '0d1747ff945aaedb1ecf65c8f81ab04a') in 0.015033 seconds 
========================================================================
Received Import Request.
  Time since last request: 926.160705 seconds.
  path: Assets/Scenes/Escenario_General (que debeis diseñar).unity
  artifactKey: Guid(53d55881f68e7477aa6a4bbf50ae678f) Importer(815301076,1909f56bfc062723c751e8b465ee728b)
Start importing Assets/Scenes/Escenario_General (que debeis diseñar).unity using Guid(53d55881f68e7477aa6a4bbf50ae678f) Importer(815301076,1909f56bfc062723c751e8b465ee728b)  -> (artifact id: '0f5229c9b2ede6b458a9b856682b7605') in 0.016949 seconds 
========================================================================
Received Import Request.
  Time since last request: 8.246318 seconds.
  path: Assets/Scenes/Basic
  artifactKey: Guid(26b377e7a25954b698924a4c4f9c77d6) Importer(815301076,1909f56bfc062723c751e8b465ee728b)
Start importing Assets/Scenes/Basic using Guid(26b377e7a25954b698924a4c4f9c77d6) Importer(815301076,1909f56bfc062723c751e8b465ee728b)  -> (artifact id: '7e2ba6d68c818ded97edae5445436199') in 0.018597 seconds 
========================================================================
Received Import Request.
  Time since last request: 2.090663 seconds.
  path: Assets/Scenes/Basic/Seek_Flee_Arrive.unity
  artifactKey: Guid(7f2d2838e14f84c3babbd8f8b880a848) Importer(815301076,1909f56bfc062723c751e8b465ee728b)
Start importing Assets/Scenes/Basic/Seek_Flee_Arrive.unity using Guid(7f2d2838e14f84c3babbd8f8b880a848) Importer(815301076,1909f56bfc062723c751e8b465ee728b)  -> (artifact id: '2286f28655fabbb4466f372db47f3ac4') in 0.017523 seconds 
========================================================================
Received Import Request.
  Time since last request: 12.263603 seconds.
  path: Assets/Scenes/Basic/Align-AntiAlign.unity
  artifactKey: Guid(95b3fb07fa7184b9985f3bc8399aa27f) Importer(815301076,1909f56bfc062723c751e8b465ee728b)
Start importing Assets/Scenes/Basic/Align-AntiAlign.unity using Guid(95b3fb07fa7184b9985f3bc8399aa27f) Importer(815301076,1909f56bfc062723c751e8b465ee728b)  -> (artifact id: '4cf9a6340344b0940b31f6fbe657b68d') in 0.021680 seconds 
