Using pre-set license
Built from '2021.3/evg/staging/82bb020e-b03b1330/draft-0' branch; Version is '2021.3.16f1 (4016570cf34f) revision 4200023'; Using compiler version '192829333'; Build Type 'Release'
OS: 'Windows 10  (10.0.19045) 64bit Core' Language: 'es' Physical Memory: 8060 MB
BatchMode: 1, IsHumanControllingUs: 0, StartBugReporterOnCrash: 0, Is64bit: 1, IsPro: 1

COMMAND LINE ARGUMENTS:
D:\Unity\Unity 2021.3.16f1\Editor\Unity.exe
-adb2
-batchMode
-noUpm
-name
AssetImportWorker0
-projectPath
D:/Proyecttos del unidad/Proyecto IADVJ
-logFile
Logs/AssetImportWorker0.log
-srvPort
56685
Successfully changed project path to: D:/Proyecttos del unidad/Proyecto IADVJ
D:/Proyecttos del unidad/Proyecto IADVJ
[UnityMemory] Configuration Parameters - Can be set up in boot.config
    "memorysetup-bucket-allocator-granularity=16"
    "memorysetup-bucket-allocator-bucket-count=8"
    "memorysetup-bucket-allocator-block-size=33554432"
    "memorysetup-bucket-allocator-block-count=8"
    "memorysetup-main-allocator-block-size=16777216"
    "memorysetup-thread-allocator-block-size=16777216"
    "memorysetup-gfx-main-allocator-block-size=16777216"
    "memorysetup-gfx-thread-allocator-block-size=16777216"
    "memorysetup-cache-allocator-block-size=4194304"
    "memorysetup-typetree-allocator-block-size=2097152"
    "memorysetup-profiler-bucket-allocator-granularity=16"
    "memorysetup-profiler-bucket-allocator-bucket-count=8"
    "memorysetup-profiler-bucket-allocator-block-size=33554432"
    "memorysetup-profiler-bucket-allocator-block-count=8"
    "memorysetup-profiler-allocator-block-size=16777216"
    "memorysetup-profiler-editor-allocator-block-size=1048576"
    "memorysetup-temp-allocator-size-main=16777216"
    "memorysetup-job-temp-allocator-block-size=2097152"
    "memorysetup-job-temp-allocator-block-size-background=1048576"
    "memorysetup-job-temp-allocator-reduction-small-platforms=262144"
    "memorysetup-temp-allocator-size-background-worker=32768"
    "memorysetup-temp-allocator-size-job-worker=262144"
    "memorysetup-temp-allocator-size-preload-manager=33554432"
    "memorysetup-temp-allocator-size-nav-mesh-worker=65536"
    "memorysetup-temp-allocator-size-audio-worker=65536"
    "memorysetup-temp-allocator-size-cloud-worker=32768"
    "memorysetup-temp-allocator-size-gi-baking-worker=262144"
    "memorysetup-temp-allocator-size-gfx=262144"
Player connection [1520] Host "[IP] 192.168.56.1 [Port] 0 [Flags] 2 [Guid] 1787526203 [EditorId] 1787526203 [Version] 1048832 [Id] WindowsEditor(7,LAPTOP-4LJ6QS5N) [Debug] 1 [PackageName] WindowsEditor [ProjectName] Editor" joined multi-casting on [225.0.0.222:54997]...

Player connection [1520] Host "[IP] 192.168.56.1 [Port] 0 [Flags] 2 [Guid] 1787526203 [EditorId] 1787526203 [Version] 1048832 [Id] WindowsEditor(7,LAPTOP-4LJ6QS5N) [Debug] 1 [PackageName] WindowsEditor [ProjectName] Editor" joined alternative multi-casting on [225.0.0.222:34997]...

Refreshing native plugins compatible for Editor in 262.08 ms, found 3 plugins.
Preloading 0 native plugins for Editor in 0.00 ms.
Initialize engine version: 2021.3.16f1 (4016570cf34f)
[Subsystems] Discovering subsystems at path D:/Unity/Unity 2021.3.16f1/Editor/Data/Resources/UnitySubsystems
[Subsystems] Discovering subsystems at path D:/Proyecttos del unidad/Proyecto IADVJ/Assets
GfxDevice: creating device client; threaded=0; jobified=0
Direct3D:
    Version:  Direct3D 11.0 [level 11.0]
    Renderer: NVIDIA GeForce GTX 950M (ID=0x139a)
    Vendor:   NVIDIA
    VRAM:     2008 MB
    Driver:   31.0.15.4629
Initialize mono
Mono path[0] = 'D:/Unity/Unity 2021.3.16f1/Editor/Data/Managed'
Mono path[1] = 'D:/Unity/Unity 2021.3.16f1/Editor/Data/MonoBleedingEdge/lib/mono/unityjit-win32'
Mono config path = 'D:/Unity/Unity 2021.3.16f1/Editor/Data/MonoBleedingEdge/etc'
Using monoOptions --debugger-agent=transport=dt_socket,embedding=1,server=y,suspend=n,address=127.0.0.1:56272
Begin MonoManager ReloadAssembly
Registering precompiled unity dll's ...
Register platform support module: D:/Unity/Unity 2021.3.16f1/Editor/Data/PlaybackEngines/WindowsStandaloneSupport/UnityEditor.WindowsStandalone.Extensions.dll
Registered in 0.005807 seconds.
Native extension for WindowsStandalone target not found
Refreshing native plugins compatible for Editor in 286.44 ms, found 3 plugins.
Preloading 0 native plugins for Editor in 0.00 ms.
Mono: successfully reloaded assembly
- Completed reload, in  3.066 seconds
Domain Reload Profiling:
	ReloadAssembly (3068ms)
		BeginReloadAssembly (301ms)
			ExecutionOrderSort (0ms)
			DisableScriptedObjects (0ms)
			BackupInstance (0ms)
			ReleaseScriptingObjects (0ms)
			CreateAndSetChildDomain (1ms)
		EndReloadAssembly (2492ms)
			LoadAssemblies (299ms)
			RebuildTransferFunctionScriptingTraits (0ms)
			SetupTypeCache (463ms)
			ReleaseScriptCaches (0ms)
			RebuildScriptCaches (81ms)
			SetupLoadedEditorAssemblies (1060ms)
				LogAssemblyErrors (0ms)
				InitializePlatformSupportModulesInManaged (28ms)
				SetLoadedEditorAssemblies (1ms)
				RefreshPlugins (287ms)
				BeforeProcessingInitializeOnLoad (4ms)
				ProcessInitializeOnLoadAttributes (591ms)
				ProcessInitializeOnLoadMethodAttributes (149ms)
				AfterProcessingInitializeOnLoad (0ms)
				EditorAssembliesLoaded (0ms)
			ExecutionOrderSort2 (0ms)
			AwakeInstancesAfterBackupRestoration (0ms)
Platform modules already initialized, skipping
Registering precompiled user dll's ...
Registered in 0.017226 seconds.
Begin MonoManager ReloadAssembly
Symbol file LoadedFromMemory doesn't match image D:\Proyecttos del unidad\Proyecto IADVJ\Library\PackageCache\com.unity.visualscripting@1.7.8\Editor\VisualScripting.Core\Dependencies\YamlDotNet\Unity.VisualScripting.YamlDotNet.dll
Symbol file LoadedFromMemory doesn't match image D:\Proyecttos del unidad\Proyecto IADVJ\Library\PackageCache\com.unity.visualscripting@1.7.8\Editor\VisualScripting.Core\Dependencies\DotNetZip\Unity.VisualScripting.IonicZip.dll
Native extension for WindowsStandalone target not found
Refreshing native plugins compatible for Editor in 0.69 ms, found 3 plugins.
Preloading 0 native plugins for Editor in 0.00 ms.
Mono: successfully reloaded assembly
- Completed reload, in  2.001 seconds
Domain Reload Profiling:
	ReloadAssembly (2002ms)
		BeginReloadAssembly (221ms)
			ExecutionOrderSort (0ms)
			DisableScriptedObjects (10ms)
			BackupInstance (0ms)
			ReleaseScriptingObjects (0ms)
			CreateAndSetChildDomain (41ms)
		EndReloadAssembly (1555ms)
			LoadAssemblies (257ms)
			RebuildTransferFunctionScriptingTraits (0ms)
			SetupTypeCache (517ms)
			ReleaseScriptCaches (1ms)
			RebuildScriptCaches (102ms)
			SetupLoadedEditorAssemblies (622ms)
				LogAssemblyErrors (0ms)
				InitializePlatformSupportModulesInManaged (9ms)
				SetLoadedEditorAssemblies (1ms)
				RefreshPlugins (1ms)
				BeforeProcessingInitializeOnLoad (134ms)
				ProcessInitializeOnLoadAttributes (409ms)
				ProcessInitializeOnLoadMethodAttributes (63ms)
				AfterProcessingInitializeOnLoad (6ms)
				EditorAssembliesLoaded (0ms)
			ExecutionOrderSort2 (0ms)
			AwakeInstancesAfterBackupRestoration (21ms)
Platform modules already initialized, skipping
========================================================================
Worker process is ready to serve import requests
Launched and connected shader compiler UnityShaderCompiler.exe after 0.08 seconds
Refreshing native plugins compatible for Editor in 0.69 ms, found 3 plugins.
Preloading 0 native plugins for Editor in 0.00 ms.
Unloading 3385 Unused Serialized files (Serialized files now loaded: 0)
Unloading 25 unused Assets / (56.1 KB). Loaded Objects now: 3844.
Memory consumption went from 116.0 MB to 116.0 MB.
Total: 4.977800 ms (FindLiveObjects: 0.313700 ms CreateObjectMapping: 0.239700 ms MarkObjects: 4.298200 ms  DeleteObjects: 0.124700 ms)

AssetImportParameters requested are different than current active one (requested -> active):
  custom:video-decoder-ogg-theora: a1e56fd34408186e4bbccfd4996cb3dc -> 
  custom:container-muxer-webm: aa71ff27fc2769a1b78a27578f13a17b -> 
  custom:container-demuxer-webm: 4f35f7cbe854078d1ac9338744f61a02 -> 
  custom:video-encoder-webm-vp8: eb34c28f22e8b96e1ab97ce403110664 -> 
  custom:video-codec-MediaFoundation-h265: 746d11721c4dcdbdad8f713fa42b33f4 -> 
  custom:audio-encoder-webm-vorbis: bf7c407c2cedff20999df2af8eb42d56 -> 
  custom:framework-win-MediaFoundation: 216162199b28c13a410421893ffa2e32 -> 
  custom:container-demuxer-ogg: 62fdf1f143b41e24485cea50d1cbac27 -> 
  custom:video-decoder-webm-vp8: 9c59270c3fd7afecdb556c50c9e8de78 -> 
  custom:audio-decoder-ogg-vorbis: bf7c407c2cedff20999df2af8eb42d56 -> 
========================================================================
Received Import Request.
  Time since last request: 220.407289 seconds.
  path: Assets/Semana2/ScriptsAI/NPC/Bodi.cs
  artifactKey: Guid(d4bb78c02562c4b25808f61f622b0b21) Importer(815301076,1909f56bfc062723c751e8b465ee728b)
Start importing Assets/Semana2/ScriptsAI/NPC/Bodi.cs using Guid(d4bb78c02562c4b25808f61f622b0b21) Importer(815301076,1909f56bfc062723c751e8b465ee728b)  -> (artifact id: 'aa3e0111b4f69304b63164773d41e198') in 0.051541 seconds 
========================================================================
Received Import Request.
  Time since last request: 75.630873 seconds.
  path: Assets/Semana2/ScriptsAI/NPC/Bodi.cs
  artifactKey: Guid(d4bb78c02562c4b25808f61f622b0b21) Importer(815301076,1909f56bfc062723c751e8b465ee728b)
Start importing Assets/Semana2/ScriptsAI/NPC/Bodi.cs using Guid(d4bb78c02562c4b25808f61f622b0b21) Importer(815301076,1909f56bfc062723c751e8b465ee728b)  -> (artifact id: 'a49a91905bdc6e83a44a52805fcbf7f0') in 0.005719 seconds 
========================================================================
Received Import Request.
  Time since last request: 461.591715 seconds.
  path: Assets/Semana2/ScriptsAI/NPC/Bodi.cs
  artifactKey: Guid(d4bb78c02562c4b25808f61f622b0b21) Importer(815301076,1909f56bfc062723c751e8b465ee728b)
Start importing Assets/Semana2/ScriptsAI/NPC/Bodi.cs using Guid(d4bb78c02562c4b25808f61f622b0b21) Importer(815301076,1909f56bfc062723c751e8b465ee728b)  -> (artifact id: 'f8e207e4648af7072691117294d8affd') in 0.062838 seconds 
========================================================================
Received Import Request.
  Time since last request: 42.949811 seconds.
  path: Assets/Semana2/ScriptsAI/NPC/Bodi.cs
  artifactKey: Guid(d4bb78c02562c4b25808f61f622b0b21) Importer(815301076,1909f56bfc062723c751e8b465ee728b)
Start importing Assets/Semana2/ScriptsAI/NPC/Bodi.cs using Guid(d4bb78c02562c4b25808f61f622b0b21) Importer(815301076,1909f56bfc062723c751e8b465ee728b)  -> (artifact id: '10aaed570e8ff2f38ca2d396081a2f49') in 0.010101 seconds 
========================================================================
Received Import Request.
  Time since last request: 35.698833 seconds.
  path: Assets/Semana2/ScriptsAI/NPC/Bodi.cs
  artifactKey: Guid(d4bb78c02562c4b25808f61f622b0b21) Importer(815301076,1909f56bfc062723c751e8b465ee728b)
Start importing Assets/Semana2/ScriptsAI/NPC/Bodi.cs using Guid(d4bb78c02562c4b25808f61f622b0b21) Importer(815301076,1909f56bfc062723c751e8b465ee728b)  -> (artifact id: '9f2bb052099166c5982e2ffb4cde754b') in 0.015187 seconds 
========================================================================
Received Import Request.
  Time since last request: 14.007682 seconds.
  path: Assets/Semana2/ScriptsAI/NPC/Bodi.cs
  artifactKey: Guid(d4bb78c02562c4b25808f61f622b0b21) Importer(815301076,1909f56bfc062723c751e8b465ee728b)
Start importing Assets/Semana2/ScriptsAI/NPC/Bodi.cs using Guid(d4bb78c02562c4b25808f61f622b0b21) Importer(815301076,1909f56bfc062723c751e8b465ee728b)  -> (artifact id: '68e4ab22cf11bfde58dd9df832662abb') in 0.004701 seconds 
========================================================================
Received Prepare
Registering precompiled user dll's ...
Registered in 0.008157 seconds.
Begin MonoManager ReloadAssembly
Symbol file LoadedFromMemory doesn't match image D:\Proyecttos del unidad\Proyecto IADVJ\Library\PackageCache\com.unity.visualscripting@1.7.8\Editor\VisualScripting.Core\Dependencies\YamlDotNet\Unity.VisualScripting.YamlDotNet.dll
Symbol file LoadedFromMemory doesn't match image D:\Proyecttos del unidad\Proyecto IADVJ\Library\PackageCache\com.unity.visualscripting@1.7.8\Editor\VisualScripting.Core\Dependencies\DotNetZip\Unity.VisualScripting.IonicZip.dll
Native extension for WindowsStandalone target not found
Refreshing native plugins compatible for Editor in 0.93 ms, found 3 plugins.
Preloading 0 native plugins for Editor in 0.00 ms.
Mono: successfully reloaded assembly
- Completed reload, in  1.610 seconds
Domain Reload Profiling:
	ReloadAssembly (1611ms)
		BeginReloadAssembly (224ms)
			ExecutionOrderSort (0ms)
			DisableScriptedObjects (9ms)
			BackupInstance (0ms)
			ReleaseScriptingObjects (0ms)
			CreateAndSetChildDomain (73ms)
		EndReloadAssembly (1229ms)
			LoadAssemblies (129ms)
			RebuildTransferFunctionScriptingTraits (0ms)
			SetupTypeCache (473ms)
			ReleaseScriptCaches (2ms)
			RebuildScriptCaches (73ms)
			SetupLoadedEditorAssemblies (501ms)
				LogAssemblyErrors (0ms)
				InitializePlatformSupportModulesInManaged (17ms)
				SetLoadedEditorAssemblies (1ms)
				RefreshPlugins (1ms)
				BeforeProcessingInitializeOnLoad (97ms)
				ProcessInitializeOnLoadAttributes (345ms)
				ProcessInitializeOnLoadMethodAttributes (36ms)
				AfterProcessingInitializeOnLoad (5ms)
				EditorAssembliesLoaded (0ms)
			ExecutionOrderSort2 (0ms)
			AwakeInstancesAfterBackupRestoration (13ms)
Platform modules already initialized, skipping
Refreshing native plugins compatible for Editor in 1.92 ms, found 3 plugins.
Preloading 0 native plugins for Editor in 0.00 ms.
Unloading 3378 Unused Serialized files (Serialized files now loaded: 0)
Unloading 18 unused Assets / (24.6 KB). Loaded Objects now: 3847.
Memory consumption went from 115.9 MB to 115.8 MB.
Total: 6.679800 ms (FindLiveObjects: 0.394900 ms CreateObjectMapping: 0.239900 ms MarkObjects: 5.992700 ms  DeleteObjects: 0.051000 ms)

AssetImportParameters requested are different than current active one (requested -> active):
  custom:video-decoder-ogg-theora: a1e56fd34408186e4bbccfd4996cb3dc -> 
  custom:container-muxer-webm: aa71ff27fc2769a1b78a27578f13a17b -> 
  custom:container-demuxer-webm: 4f35f7cbe854078d1ac9338744f61a02 -> 
  custom:video-encoder-webm-vp8: eb34c28f22e8b96e1ab97ce403110664 -> 
  custom:video-codec-MediaFoundation-h265: 746d11721c4dcdbdad8f713fa42b33f4 -> 
  custom:audio-encoder-webm-vorbis: bf7c407c2cedff20999df2af8eb42d56 -> 
  custom:framework-win-MediaFoundation: 216162199b28c13a410421893ffa2e32 -> 
  custom:container-demuxer-ogg: 62fdf1f143b41e24485cea50d1cbac27 -> 
  custom:video-decoder-webm-vp8: 9c59270c3fd7afecdb556c50c9e8de78 -> 
  custom:audio-decoder-ogg-vorbis: bf7c407c2cedff20999df2af8eb42d56 -> 
========================================================================
Received Import Request.
  Time since last request: 61.264939 seconds.
  path: Assets/Semana2/ScriptsAI/NPC/Bodi.cs
  artifactKey: Guid(d4bb78c02562c4b25808f61f622b0b21) Importer(815301076,1909f56bfc062723c751e8b465ee728b)
Start importing Assets/Semana2/ScriptsAI/NPC/Bodi.cs using Guid(d4bb78c02562c4b25808f61f622b0b21) Importer(815301076,1909f56bfc062723c751e8b465ee728b)  -> (artifact id: 'c77ecd36e90ef4463dcbe2b0ff50492f') in 0.007178 seconds 
========================================================================
Received Import Request.
  Time since last request: 0.000060 seconds.
  path: Assets/Semana2/ScriptsAI/Steering
  artifactKey: Guid(2c4583e05ace8ba4fa767566a780f89a) Importer(815301076,1909f56bfc062723c751e8b465ee728b)
Start importing Assets/Semana2/ScriptsAI/Steering using Guid(2c4583e05ace8ba4fa767566a780f89a) Importer(815301076,1909f56bfc062723c751e8b465ee728b)  -> (artifact id: '6fa0e6ffcaf4df0f16fc216b6104fe4e') in 0.003817 seconds 
========================================================================
Received Import Request.
  Time since last request: 0.775424 seconds.
  path: Assets/Semana2/ScriptsAI/Steering/Basic
  artifactKey: Guid(31926e859287c10459e0dd82581cc97a) Importer(815301076,1909f56bfc062723c751e8b465ee728b)
Start importing Assets/Semana2/ScriptsAI/Steering/Basic using Guid(31926e859287c10459e0dd82581cc97a) Importer(815301076,1909f56bfc062723c751e8b465ee728b)  -> (artifact id: '37fe7d70e850ca39ec57a4bcd4c8c70b') in 0.005963 seconds 
========================================================================
Received Import Request.
  Time since last request: 20.159568 seconds.
  path: Assets/Semana2/ScriptsAI/Steering/Generic
  artifactKey: Guid(fb8d1cd847b19194fa5cdc99bff13b72) Importer(815301076,1909f56bfc062723c751e8b465ee728b)
Start importing Assets/Semana2/ScriptsAI/Steering/Generic using Guid(fb8d1cd847b19194fa5cdc99bff13b72) Importer(815301076,1909f56bfc062723c751e8b465ee728b)  -> (artifact id: '21531b1f6da4223c1fbd9e6e529427d9') in 0.013308 seconds 
========================================================================
Received Import Request.
  Time since last request: 5.517329 seconds.
  path: Assets/Semana2/ScriptsAI/Steering/Basic/Seek.cs
  artifactKey: Guid(b7a2ed17f613a8749964588d750da61f) Importer(815301076,1909f56bfc062723c751e8b465ee728b)
Start importing Assets/Semana2/ScriptsAI/Steering/Basic/Seek.cs using Guid(b7a2ed17f613a8749964588d750da61f) Importer(815301076,1909f56bfc062723c751e8b465ee728b)  -> (artifact id: 'fc43a0b0c1468f7639cc42ff072d9d8b') in 0.005019 seconds 
========================================================================
Received Prepare
Registering precompiled user dll's ...
Registered in 0.011758 seconds.
Begin MonoManager ReloadAssembly
Symbol file LoadedFromMemory doesn't match image D:\Proyecttos del unidad\Proyecto IADVJ\Library\PackageCache\com.unity.visualscripting@1.7.8\Editor\VisualScripting.Core\Dependencies\YamlDotNet\Unity.VisualScripting.YamlDotNet.dll
Symbol file LoadedFromMemory doesn't match image D:\Proyecttos del unidad\Proyecto IADVJ\Library\PackageCache\com.unity.visualscripting@1.7.8\Editor\VisualScripting.Core\Dependencies\DotNetZip\Unity.VisualScripting.IonicZip.dll
Native extension for WindowsStandalone target not found
Refreshing native plugins compatible for Editor in 0.87 ms, found 3 plugins.
Preloading 0 native plugins for Editor in 0.00 ms.
Mono: successfully reloaded assembly
- Completed reload, in  2.925 seconds
Domain Reload Profiling:
	ReloadAssembly (2927ms)
		BeginReloadAssembly (208ms)
			ExecutionOrderSort (0ms)
			DisableScriptedObjects (12ms)
			BackupInstance (0ms)
			ReleaseScriptingObjects (0ms)
			CreateAndSetChildDomain (57ms)
		EndReloadAssembly (2511ms)
			LoadAssemblies (139ms)
			RebuildTransferFunctionScriptingTraits (0ms)
			SetupTypeCache (843ms)
			ReleaseScriptCaches (2ms)
			RebuildScriptCaches (214ms)
			SetupLoadedEditorAssemblies (1029ms)
				LogAssemblyErrors (0ms)
				InitializePlatformSupportModulesInManaged (31ms)
				SetLoadedEditorAssemblies (1ms)
				RefreshPlugins (1ms)
				BeforeProcessingInitializeOnLoad (189ms)
				ProcessInitializeOnLoadAttributes (689ms)
				ProcessInitializeOnLoadMethodAttributes (108ms)
				AfterProcessingInitializeOnLoad (9ms)
				EditorAssembliesLoaded (1ms)
			ExecutionOrderSort2 (0ms)
			AwakeInstancesAfterBackupRestoration (34ms)
Platform modules already initialized, skipping
Refreshing native plugins compatible for Editor in 5.46 ms, found 3 plugins.
Preloading 0 native plugins for Editor in 0.00 ms.
Unloading 3378 Unused Serialized files (Serialized files now loaded: 0)
Unloading 18 unused Assets / (24.7 KB). Loaded Objects now: 3850.
Memory consumption went from 115.9 MB to 115.8 MB.
Total: 6.322700 ms (FindLiveObjects: 0.396700 ms CreateObjectMapping: 0.361000 ms MarkObjects: 5.512100 ms  DeleteObjects: 0.051500 ms)

AssetImportParameters requested are different than current active one (requested -> active):
  custom:video-decoder-ogg-theora: a1e56fd34408186e4bbccfd4996cb3dc -> 
  custom:container-muxer-webm: aa71ff27fc2769a1b78a27578f13a17b -> 
  custom:container-demuxer-webm: 4f35f7cbe854078d1ac9338744f61a02 -> 
  custom:video-encoder-webm-vp8: eb34c28f22e8b96e1ab97ce403110664 -> 
  custom:video-codec-MediaFoundation-h265: 746d11721c4dcdbdad8f713fa42b33f4 -> 
  custom:audio-encoder-webm-vorbis: bf7c407c2cedff20999df2af8eb42d56 -> 
  custom:framework-win-MediaFoundation: 216162199b28c13a410421893ffa2e32 -> 
  custom:container-demuxer-ogg: 62fdf1f143b41e24485cea50d1cbac27 -> 
  custom:video-decoder-webm-vp8: 9c59270c3fd7afecdb556c50c9e8de78 -> 
  custom:audio-decoder-ogg-vorbis: bf7c407c2cedff20999df2af8eb42d56 -> 
========================================================================
Received Import Request.
  Time since last request: 145.840192 seconds.
  path: Assets/Sesion4/Scripts/Rotation.cs
  artifactKey: Guid(f94803e06237748288bac548008b26fb) Importer(815301076,1909f56bfc062723c751e8b465ee728b)
Start importing Assets/Sesion4/Scripts/Rotation.cs using Guid(f94803e06237748288bac548008b26fb) Importer(815301076,1909f56bfc062723c751e8b465ee728b)  -> (artifact id: '6c28acc5b5ab50348d7843c3c0ef5c05') in 0.009442 seconds 
========================================================================
Received Import Request.
  Time since last request: 0.000036 seconds.
  path: Assets/Sesion4/Scripts/GetComponent.cs
  artifactKey: Guid(2df7abb6b2e2a491abac2db5844aef09) Importer(815301076,1909f56bfc062723c751e8b465ee728b)
Start importing Assets/Sesion4/Scripts/GetComponent.cs using Guid(2df7abb6b2e2a491abac2db5844aef09) Importer(815301076,1909f56bfc062723c751e8b465ee728b)  -> (artifact id: '487aadd25785b5851f12a95f3857343f') in 0.002180 seconds 
========================================================================
Received Import Request.
  Time since last request: 0.002250 seconds.
  path: Assets/rotacion.cs
  artifactKey: Guid(b5a5575f3f7ab654c851517ed672a7d6) Importer(815301076,1909f56bfc062723c751e8b465ee728b)
Start importing Assets/rotacion.cs using Guid(b5a5575f3f7ab654c851517ed672a7d6) Importer(815301076,1909f56bfc062723c751e8b465ee728b)  -> (artifact id: '751359c8473afb6f489921145961c504') in 0.002094 seconds 
========================================================================
Received Import Request.
  Time since last request: 0.008923 seconds.
  path: Assets/Semana2/ScriptsAI/Steering/Basic/Arrive.cs
  artifactKey: Guid(19ca786759f3ab648a19452bf68a57d3) Importer(815301076,1909f56bfc062723c751e8b465ee728b)
Start importing Assets/Semana2/ScriptsAI/Steering/Basic/Arrive.cs using Guid(19ca786759f3ab648a19452bf68a57d3) Importer(815301076,1909f56bfc062723c751e8b465ee728b)  -> (artifact id: '5f7f077a0a54046a2ba901231b6ade7b') in 0.003705 seconds 
========================================================================
Received Import Request.
  Time since last request: 0.009848 seconds.
  path: Assets/Semana2/ScriptsAI/Steering/Basic/Flee.cs
  artifactKey: Guid(4169020caf681f148bc890f3f7685a9c) Importer(815301076,1909f56bfc062723c751e8b465ee728b)
Start importing Assets/Semana2/ScriptsAI/Steering/Basic/Flee.cs using Guid(4169020caf681f148bc890f3f7685a9c) Importer(815301076,1909f56bfc062723c751e8b465ee728b)  -> (artifact id: '87eb8d4cab7ddb81fb3e38a3aff70139') in 0.002420 seconds 
========================================================================
Received Import Request.
  Time since last request: 0.012668 seconds.
  path: Assets/Semana2/ScriptsAI/Steering/Basic/AntiAlign.cs
  artifactKey: Guid(6f7f8a22a2a883d43992d7d8463579bd) Importer(815301076,1909f56bfc062723c751e8b465ee728b)
Start importing Assets/Semana2/ScriptsAI/Steering/Basic/AntiAlign.cs using Guid(6f7f8a22a2a883d43992d7d8463579bd) Importer(815301076,1909f56bfc062723c751e8b465ee728b)  -> (artifact id: '78ddd0af2d69f0ec597132c181f953c7') in 0.002138 seconds 
========================================================================
Received Import Request.
  Time since last request: 0.001126 seconds.
  path: Assets/Sesion4/Scripts/PropuestaOrdenarIrAUnLugarUnity.cs
  artifactKey: Guid(ae92648daa3944b02a137d96dd6e505c) Importer(815301076,1909f56bfc062723c751e8b465ee728b)
Start importing Assets/Sesion4/Scripts/PropuestaOrdenarIrAUnLugarUnity.cs using Guid(ae92648daa3944b02a137d96dd6e505c) Importer(815301076,1909f56bfc062723c751e8b465ee728b)  -> (artifact id: '7b8c7762be7ec7a6bcf11e5c96947138') in 0.002268 seconds 
========================================================================
Received Import Request.
  Time since last request: 0.003981 seconds.
  path: Assets/Semana2/ScriptsAI/Steering/Generic/Steering.cs
  artifactKey: Guid(7693bc16786649a4e9c58dfe3edfd81a) Importer(815301076,1909f56bfc062723c751e8b465ee728b)
Start importing Assets/Semana2/ScriptsAI/Steering/Generic/Steering.cs using Guid(7693bc16786649a4e9c58dfe3edfd81a) Importer(815301076,1909f56bfc062723c751e8b465ee728b)  -> (artifact id: '19907fd6c5a835be2fd30c0be81805a1') in 0.002312 seconds 
========================================================================
Received Import Request.
  Time since last request: 0.020427 seconds.
  path: Assets/Semana2/ScriptsAI/Steering/Basic/Align.cs
  artifactKey: Guid(a35ee7fcd1d1b36459464788571f15c2) Importer(815301076,1909f56bfc062723c751e8b465ee728b)
Start importing Assets/Semana2/ScriptsAI/Steering/Basic/Align.cs using Guid(a35ee7fcd1d1b36459464788571f15c2) Importer(815301076,1909f56bfc062723c751e8b465ee728b)  -> (artifact id: '6a8be24e5f00c691aa0a4325370d8808') in 0.002267 seconds 
========================================================================
Received Import Request.
  Time since last request: 0.002435 seconds.
  path: Assets/Semana2/ScriptsAI/Steering/Basic/Seek_IanMillington.cs
  artifactKey: Guid(dcfd75522dc03f74ba1b1a57f56379b9) Importer(815301076,1909f56bfc062723c751e8b465ee728b)
Start importing Assets/Semana2/ScriptsAI/Steering/Basic/Seek_IanMillington.cs using Guid(dcfd75522dc03f74ba1b1a57f56379b9) Importer(815301076,1909f56bfc062723c751e8b465ee728b)  -> (artifact id: '8d8eefb489ae9015571f4f10b51d7768') in 0.003287 seconds 
========================================================================
Received Import Request.
  Time since last request: 0.002716 seconds.
  path: Assets/Semana2/ScriptsAI/Steering/Generic/SteeringBehaviour.cs
  artifactKey: Guid(1120f57f5a840234b9f920035e9cb206) Importer(815301076,1909f56bfc062723c751e8b465ee728b)
Start importing Assets/Semana2/ScriptsAI/Steering/Generic/SteeringBehaviour.cs using Guid(1120f57f5a840234b9f920035e9cb206) Importer(815301076,1909f56bfc062723c751e8b465ee728b)  -> (artifact id: 'b1c78808516fa58bd475c4babac61704') in 0.003197 seconds 
========================================================================
Received Import Request.
  Time since last request: 0.001671 seconds.
  path: Assets/Sesion4/Scripts/EnableWithRays.cs
  artifactKey: Guid(76ca023d191f74b5481dadf855faeea2) Importer(815301076,1909f56bfc062723c751e8b465ee728b)
Start importing Assets/Sesion4/Scripts/EnableWithRays.cs using Guid(76ca023d191f74b5481dadf855faeea2) Importer(815301076,1909f56bfc062723c751e8b465ee728b)  -> (artifact id: 'c7cf8c0c47854bebf70de3e5054bdd2a') in 0.002715 seconds 
========================================================================
Received Import Request.
  Time since last request: 0.001155 seconds.
  path: Assets/Sesion4/Scripts/OnMouse.cs
  artifactKey: Guid(c811e6539a2c249b89943c9d58b6e87a) Importer(815301076,1909f56bfc062723c751e8b465ee728b)
Start importing Assets/Sesion4/Scripts/OnMouse.cs using Guid(c811e6539a2c249b89943c9d58b6e87a) Importer(815301076,1909f56bfc062723c751e8b465ee728b)  -> (artifact id: 'f8be19385712c5ecc9663e9e96751e2c') in 0.002507 seconds 
========================================================================
Received Import Request.
  Time since last request: 0.002689 seconds.
  path: Assets/Semana2/ScriptsAI/Steering/Basic/VelocityMatching.cs
  artifactKey: Guid(f61913a2fa69af5418b744d324dbab35) Importer(815301076,1909f56bfc062723c751e8b465ee728b)
Start importing Assets/Semana2/ScriptsAI/Steering/Basic/VelocityMatching.cs using Guid(f61913a2fa69af5418b744d324dbab35) Importer(815301076,1909f56bfc062723c751e8b465ee728b)  -> (artifact id: '1867ea1c7c4d454c25b8773184c2cbf5') in 0.002850 seconds 
========================================================================
Received Import Request.
  Time since last request: 0.001535 seconds.
  path: Assets/Semana2/ScriptsAI/NPC/AgentPlayer.cs
  artifactKey: Guid(fee2a1671229844bda66e9353f90b469) Importer(815301076,1909f56bfc062723c751e8b465ee728b)
Start importing Assets/Semana2/ScriptsAI/NPC/AgentPlayer.cs using Guid(fee2a1671229844bda66e9353f90b469) Importer(815301076,1909f56bfc062723c751e8b465ee728b)  -> (artifact id: 'bee86e3e01e17ebbe646e4c2ad6e136a') in 0.002183 seconds 
========================================================================
Received Prepare
Registering precompiled user dll's ...
Registered in 0.012283 seconds.
Begin MonoManager ReloadAssembly
Symbol file LoadedFromMemory doesn't match image D:\Proyecttos del unidad\Proyecto IADVJ\Library\PackageCache\com.unity.visualscripting@1.7.8\Editor\VisualScripting.Core\Dependencies\YamlDotNet\Unity.VisualScripting.YamlDotNet.dll
Symbol file LoadedFromMemory doesn't match image D:\Proyecttos del unidad\Proyecto IADVJ\Library\PackageCache\com.unity.visualscripting@1.7.8\Editor\VisualScripting.Core\Dependencies\DotNetZip\Unity.VisualScripting.IonicZip.dll
Native extension for WindowsStandalone target not found
Refreshing native plugins compatible for Editor in 0.82 ms, found 3 plugins.
Preloading 0 native plugins for Editor in 0.00 ms.
Mono: successfully reloaded assembly
- Completed reload, in  1.642 seconds
Domain Reload Profiling:
	ReloadAssembly (1643ms)
		BeginReloadAssembly (282ms)
			ExecutionOrderSort (0ms)
			DisableScriptedObjects (7ms)
			BackupInstance (0ms)
			ReleaseScriptingObjects (0ms)
			CreateAndSetChildDomain (70ms)
		EndReloadAssembly (1166ms)
			LoadAssemblies (210ms)
			RebuildTransferFunctionScriptingTraits (0ms)
			SetupTypeCache (430ms)
			ReleaseScriptCaches (1ms)
			RebuildScriptCaches (66ms)
			SetupLoadedEditorAssemblies (479ms)
				LogAssemblyErrors (0ms)
				InitializePlatformSupportModulesInManaged (18ms)
				SetLoadedEditorAssemblies (1ms)
				RefreshPlugins (1ms)
				BeforeProcessingInitializeOnLoad (92ms)
				ProcessInitializeOnLoadAttributes (328ms)
				ProcessInitializeOnLoadMethodAttributes (34ms)
				AfterProcessingInitializeOnLoad (5ms)
				EditorAssembliesLoaded (0ms)
			ExecutionOrderSort2 (0ms)
			AwakeInstancesAfterBackupRestoration (15ms)
Platform modules already initialized, skipping
Refreshing native plugins compatible for Editor in 2.11 ms, found 3 plugins.
Preloading 0 native plugins for Editor in 0.00 ms.
Unloading 3380 Unused Serialized files (Serialized files now loaded: 0)
Unloading 18 unused Assets / (24.7 KB). Loaded Objects now: 3855.
Memory consumption went from 115.9 MB to 115.9 MB.
Total: 3.938700 ms (FindLiveObjects: 0.640700 ms CreateObjectMapping: 0.421000 ms MarkObjects: 2.839700 ms  DeleteObjects: 0.031700 ms)

AssetImportParameters requested are different than current active one (requested -> active):
  custom:video-decoder-ogg-theora: a1e56fd34408186e4bbccfd4996cb3dc -> 
  custom:container-muxer-webm: aa71ff27fc2769a1b78a27578f13a17b -> 
  custom:container-demuxer-webm: 4f35f7cbe854078d1ac9338744f61a02 -> 
  custom:video-encoder-webm-vp8: eb34c28f22e8b96e1ab97ce403110664 -> 
  custom:video-codec-MediaFoundation-h265: 746d11721c4dcdbdad8f713fa42b33f4 -> 
  custom:audio-encoder-webm-vorbis: bf7c407c2cedff20999df2af8eb42d56 -> 
  custom:framework-win-MediaFoundation: 216162199b28c13a410421893ffa2e32 -> 
  custom:container-demuxer-ogg: 62fdf1f143b41e24485cea50d1cbac27 -> 
  custom:video-decoder-webm-vp8: 9c59270c3fd7afecdb556c50c9e8de78 -> 
  custom:audio-decoder-ogg-vorbis: bf7c407c2cedff20999df2af8eb42d56 -> 
========================================================================
Received Prepare
Registering precompiled user dll's ...
Registered in 0.007531 seconds.
Begin MonoManager ReloadAssembly
Symbol file LoadedFromMemory doesn't match image D:\Proyecttos del unidad\Proyecto IADVJ\Library\PackageCache\com.unity.visualscripting@1.7.8\Editor\VisualScripting.Core\Dependencies\YamlDotNet\Unity.VisualScripting.YamlDotNet.dll
Symbol file LoadedFromMemory doesn't match image D:\Proyecttos del unidad\Proyecto IADVJ\Library\PackageCache\com.unity.visualscripting@1.7.8\Editor\VisualScripting.Core\Dependencies\DotNetZip\Unity.VisualScripting.IonicZip.dll
Native extension for WindowsStandalone target not found
Refreshing native plugins compatible for Editor in 0.65 ms, found 3 plugins.
Preloading 0 native plugins for Editor in 0.00 ms.
Mono: successfully reloaded assembly
- Completed reload, in  1.783 seconds
Domain Reload Profiling:
	ReloadAssembly (1784ms)
		BeginReloadAssembly (244ms)
			ExecutionOrderSort (0ms)
			DisableScriptedObjects (7ms)
			BackupInstance (0ms)
			ReleaseScriptingObjects (0ms)
			CreateAndSetChildDomain (57ms)
		EndReloadAssembly (1292ms)
			LoadAssemblies (189ms)
			RebuildTransferFunctionScriptingTraits (0ms)
			SetupTypeCache (467ms)
			ReleaseScriptCaches (1ms)
			RebuildScriptCaches (59ms)
			SetupLoadedEditorAssemblies (549ms)
				LogAssemblyErrors (0ms)
				InitializePlatformSupportModulesInManaged (17ms)
				SetLoadedEditorAssemblies (1ms)
				RefreshPlugins (1ms)
				BeforeProcessingInitializeOnLoad (113ms)
				ProcessInitializeOnLoadAttributes (368ms)
				ProcessInitializeOnLoadMethodAttributes (43ms)
				AfterProcessingInitializeOnLoad (6ms)
				EditorAssembliesLoaded (0ms)
			ExecutionOrderSort2 (0ms)
			AwakeInstancesAfterBackupRestoration (15ms)
Platform modules already initialized, skipping
Refreshing native plugins compatible for Editor in 1.92 ms, found 3 plugins.
Preloading 0 native plugins for Editor in 0.00 ms.
Unloading 3380 Unused Serialized files (Serialized files now loaded: 0)
Unloading 18 unused Assets / (24.6 KB). Loaded Objects now: 3858.
Memory consumption went from 115.9 MB to 115.9 MB.
Total: 5.421500 ms (FindLiveObjects: 0.359400 ms CreateObjectMapping: 0.549800 ms MarkObjects: 4.480100 ms  DeleteObjects: 0.030900 ms)

AssetImportParameters requested are different than current active one (requested -> active):
  custom:video-decoder-ogg-theora: a1e56fd34408186e4bbccfd4996cb3dc -> 
  custom:container-muxer-webm: aa71ff27fc2769a1b78a27578f13a17b -> 
  custom:container-demuxer-webm: 4f35f7cbe854078d1ac9338744f61a02 -> 
  custom:video-encoder-webm-vp8: eb34c28f22e8b96e1ab97ce403110664 -> 
  custom:video-codec-MediaFoundation-h265: 746d11721c4dcdbdad8f713fa42b33f4 -> 
  custom:audio-encoder-webm-vorbis: bf7c407c2cedff20999df2af8eb42d56 -> 
  custom:framework-win-MediaFoundation: 216162199b28c13a410421893ffa2e32 -> 
  custom:container-demuxer-ogg: 62fdf1f143b41e24485cea50d1cbac27 -> 
  custom:video-decoder-webm-vp8: 9c59270c3fd7afecdb556c50c9e8de78 -> 
  custom:audio-decoder-ogg-vorbis: bf7c407c2cedff20999df2af8eb42d56 -> 
========================================================================
Received Prepare
Registering precompiled user dll's ...
Registered in 0.010484 seconds.
Begin MonoManager ReloadAssembly
Symbol file LoadedFromMemory doesn't match image D:\Proyecttos del unidad\Proyecto IADVJ\Library\PackageCache\com.unity.visualscripting@1.7.8\Editor\VisualScripting.Core\Dependencies\YamlDotNet\Unity.VisualScripting.YamlDotNet.dll
Symbol file LoadedFromMemory doesn't match image D:\Proyecttos del unidad\Proyecto IADVJ\Library\PackageCache\com.unity.visualscripting@1.7.8\Editor\VisualScripting.Core\Dependencies\DotNetZip\Unity.VisualScripting.IonicZip.dll
Native extension for WindowsStandalone target not found
Refreshing native plugins compatible for Editor in 1.32 ms, found 3 plugins.
Preloading 0 native plugins for Editor in 0.00 ms.
Mono: successfully reloaded assembly
- Completed reload, in  1.796 seconds
Domain Reload Profiling:
	ReloadAssembly (1797ms)
		BeginReloadAssembly (237ms)
			ExecutionOrderSort (0ms)
			DisableScriptedObjects (11ms)
			BackupInstance (0ms)
			ReleaseScriptingObjects (0ms)
			CreateAndSetChildDomain (66ms)
		EndReloadAssembly (1333ms)
			LoadAssemblies (153ms)
			RebuildTransferFunctionScriptingTraits (0ms)
			SetupTypeCache (536ms)
			ReleaseScriptCaches (1ms)
			RebuildScriptCaches (78ms)
			SetupLoadedEditorAssemblies (519ms)
				LogAssemblyErrors (0ms)
				InitializePlatformSupportModulesInManaged (16ms)
				SetLoadedEditorAssemblies (2ms)
				RefreshPlugins (2ms)
				BeforeProcessingInitializeOnLoad (98ms)
				ProcessInitializeOnLoadAttributes (362ms)
				ProcessInitializeOnLoadMethodAttributes (35ms)
				AfterProcessingInitializeOnLoad (5ms)
				EditorAssembliesLoaded (0ms)
			ExecutionOrderSort2 (0ms)
			AwakeInstancesAfterBackupRestoration (17ms)
Platform modules already initialized, skipping
Refreshing native plugins compatible for Editor in 2.01 ms, found 3 plugins.
Preloading 0 native plugins for Editor in 0.00 ms.
Unloading 3380 Unused Serialized files (Serialized files now loaded: 0)
Unloading 18 unused Assets / (24.6 KB). Loaded Objects now: 3861.
Memory consumption went from 115.8 MB to 115.8 MB.
Total: 5.135700 ms (FindLiveObjects: 0.439900 ms CreateObjectMapping: 0.348300 ms MarkObjects: 4.317200 ms  DeleteObjects: 0.029000 ms)

AssetImportParameters requested are different than current active one (requested -> active):
  custom:video-decoder-ogg-theora: a1e56fd34408186e4bbccfd4996cb3dc -> 
  custom:container-muxer-webm: aa71ff27fc2769a1b78a27578f13a17b -> 
  custom:container-demuxer-webm: 4f35f7cbe854078d1ac9338744f61a02 -> 
  custom:video-encoder-webm-vp8: eb34c28f22e8b96e1ab97ce403110664 -> 
  custom:video-codec-MediaFoundation-h265: 746d11721c4dcdbdad8f713fa42b33f4 -> 
  custom:audio-encoder-webm-vorbis: bf7c407c2cedff20999df2af8eb42d56 -> 
  custom:framework-win-MediaFoundation: 216162199b28c13a410421893ffa2e32 -> 
  custom:container-demuxer-ogg: 62fdf1f143b41e24485cea50d1cbac27 -> 
  custom:video-decoder-webm-vp8: 9c59270c3fd7afecdb556c50c9e8de78 -> 
  custom:audio-decoder-ogg-vorbis: bf7c407c2cedff20999df2af8eb42d56 -> 
========================================================================
Received Import Request.
  Time since last request: 1843.346887 seconds.
  path: Assets/Semana2/ScriptsAI/Steering/Basic/Seek.cs
  artifactKey: Guid(b7a2ed17f613a8749964588d750da61f) Importer(815301076,1909f56bfc062723c751e8b465ee728b)
Start importing Assets/Semana2/ScriptsAI/Steering/Basic/Seek.cs using Guid(b7a2ed17f613a8749964588d750da61f) Importer(815301076,1909f56bfc062723c751e8b465ee728b)  -> (artifact id: 'e18e744185ec83a4405cea13e0a3cf85') in 0.011143 seconds 
========================================================================
Received Prepare
Registering precompiled user dll's ...
Registered in 0.009858 seconds.
Begin MonoManager ReloadAssembly
Symbol file LoadedFromMemory doesn't match image D:\Proyecttos del unidad\Proyecto IADVJ\Library\PackageCache\com.unity.visualscripting@1.7.8\Editor\VisualScripting.Core\Dependencies\YamlDotNet\Unity.VisualScripting.YamlDotNet.dll
Symbol file LoadedFromMemory doesn't match image D:\Proyecttos del unidad\Proyecto IADVJ\Library\PackageCache\com.unity.visualscripting@1.7.8\Editor\VisualScripting.Core\Dependencies\DotNetZip\Unity.VisualScripting.IonicZip.dll
Native extension for WindowsStandalone target not found
Refreshing native plugins compatible for Editor in 0.75 ms, found 3 plugins.
Preloading 0 native plugins for Editor in 0.00 ms.
Mono: successfully reloaded assembly
- Completed reload, in  1.781 seconds
Domain Reload Profiling:
	ReloadAssembly (1782ms)
		BeginReloadAssembly (236ms)
			ExecutionOrderSort (0ms)
			DisableScriptedObjects (11ms)
			BackupInstance (0ms)
			ReleaseScriptingObjects (0ms)
			CreateAndSetChildDomain (61ms)
		EndReloadAssembly (1302ms)
			LoadAssemblies (159ms)
			RebuildTransferFunctionScriptingTraits (0ms)
			SetupTypeCache (536ms)
			ReleaseScriptCaches (1ms)
			RebuildScriptCaches (75ms)
			SetupLoadedEditorAssemblies (494ms)
				LogAssemblyErrors (0ms)
				InitializePlatformSupportModulesInManaged (19ms)
				SetLoadedEditorAssemblies (1ms)
				RefreshPlugins (1ms)
				BeforeProcessingInitializeOnLoad (92ms)
				ProcessInitializeOnLoadAttributes (340ms)
				ProcessInitializeOnLoadMethodAttributes (37ms)
				AfterProcessingInitializeOnLoad (4ms)
				EditorAssembliesLoaded (0ms)
			ExecutionOrderSort2 (0ms)
			AwakeInstancesAfterBackupRestoration (19ms)
Platform modules already initialized, skipping
Refreshing native plugins compatible for Editor in 2.13 ms, found 3 plugins.
Preloading 0 native plugins for Editor in 0.00 ms.
Unloading 3380 Unused Serialized files (Serialized files now loaded: 0)
Unloading 18 unused Assets / (24.6 KB). Loaded Objects now: 3864.
Memory consumption went from 116.0 MB to 115.9 MB.
Total: 3.451600 ms (FindLiveObjects: 0.282700 ms CreateObjectMapping: 0.184100 ms MarkObjects: 2.947800 ms  DeleteObjects: 0.035800 ms)

AssetImportParameters requested are different than current active one (requested -> active):
  custom:video-decoder-ogg-theora: a1e56fd34408186e4bbccfd4996cb3dc -> 
  custom:container-muxer-webm: aa71ff27fc2769a1b78a27578f13a17b -> 
  custom:container-demuxer-webm: 4f35f7cbe854078d1ac9338744f61a02 -> 
  custom:video-encoder-webm-vp8: eb34c28f22e8b96e1ab97ce403110664 -> 
  custom:video-codec-MediaFoundation-h265: 746d11721c4dcdbdad8f713fa42b33f4 -> 
  custom:audio-encoder-webm-vorbis: bf7c407c2cedff20999df2af8eb42d56 -> 
  custom:framework-win-MediaFoundation: 216162199b28c13a410421893ffa2e32 -> 
  custom:container-demuxer-ogg: 62fdf1f143b41e24485cea50d1cbac27 -> 
  custom:video-decoder-webm-vp8: 9c59270c3fd7afecdb556c50c9e8de78 -> 
  custom:audio-decoder-ogg-vorbis: bf7c407c2cedff20999df2af8eb42d56 -> 
========================================================================
Received Prepare
Registering precompiled user dll's ...
Registered in 0.007528 seconds.
Begin MonoManager ReloadAssembly
Symbol file LoadedFromMemory doesn't match image D:\Proyecttos del unidad\Proyecto IADVJ\Library\PackageCache\com.unity.visualscripting@1.7.8\Editor\VisualScripting.Core\Dependencies\YamlDotNet\Unity.VisualScripting.YamlDotNet.dll
Symbol file LoadedFromMemory doesn't match image D:\Proyecttos del unidad\Proyecto IADVJ\Library\PackageCache\com.unity.visualscripting@1.7.8\Editor\VisualScripting.Core\Dependencies\DotNetZip\Unity.VisualScripting.IonicZip.dll
Native extension for WindowsStandalone target not found
Refreshing native plugins compatible for Editor in 1.72 ms, found 3 plugins.
Preloading 0 native plugins for Editor in 0.00 ms.
Mono: successfully reloaded assembly
- Completed reload, in  1.856 seconds
Domain Reload Profiling:
	ReloadAssembly (1857ms)
		BeginReloadAssembly (206ms)
			ExecutionOrderSort (0ms)
			DisableScriptedObjects (14ms)
			BackupInstance (0ms)
			ReleaseScriptingObjects (0ms)
			CreateAndSetChildDomain (53ms)
		EndReloadAssembly (1448ms)
			LoadAssemblies (144ms)
			RebuildTransferFunctionScriptingTraits (0ms)
			SetupTypeCache (594ms)
			ReleaseScriptCaches (2ms)
			RebuildScriptCaches (76ms)
			SetupLoadedEditorAssemblies (571ms)
				LogAssemblyErrors (0ms)
				InitializePlatformSupportModulesInManaged (30ms)
				SetLoadedEditorAssemblies (3ms)
				RefreshPlugins (2ms)
				BeforeProcessingInitializeOnLoad (138ms)
				ProcessInitializeOnLoadAttributes (357ms)
				ProcessInitializeOnLoadMethodAttributes (36ms)
				AfterProcessingInitializeOnLoad (5ms)
				EditorAssembliesLoaded (0ms)
			ExecutionOrderSort2 (0ms)
			AwakeInstancesAfterBackupRestoration (15ms)
Platform modules already initialized, skipping
Refreshing native plugins compatible for Editor in 2.53 ms, found 3 plugins.
Preloading 0 native plugins for Editor in 0.00 ms.
Unloading 3380 Unused Serialized files (Serialized files now loaded: 0)
Unloading 18 unused Assets / (24.6 KB). Loaded Objects now: 3867.
Memory consumption went from 116.0 MB to 115.9 MB.
Total: 3.689500 ms (FindLiveObjects: 0.271300 ms CreateObjectMapping: 0.181600 ms MarkObjects: 3.209000 ms  DeleteObjects: 0.026700 ms)

AssetImportParameters requested are different than current active one (requested -> active):
  custom:video-decoder-ogg-theora: a1e56fd34408186e4bbccfd4996cb3dc -> 
  custom:container-muxer-webm: aa71ff27fc2769a1b78a27578f13a17b -> 
  custom:container-demuxer-webm: 4f35f7cbe854078d1ac9338744f61a02 -> 
  custom:video-encoder-webm-vp8: eb34c28f22e8b96e1ab97ce403110664 -> 
  custom:video-codec-MediaFoundation-h265: 746d11721c4dcdbdad8f713fa42b33f4 -> 
  custom:audio-encoder-webm-vorbis: bf7c407c2cedff20999df2af8eb42d56 -> 
  custom:framework-win-MediaFoundation: 216162199b28c13a410421893ffa2e32 -> 
  custom:container-demuxer-ogg: 62fdf1f143b41e24485cea50d1cbac27 -> 
  custom:video-decoder-webm-vp8: 9c59270c3fd7afecdb556c50c9e8de78 -> 
  custom:audio-decoder-ogg-vorbis: bf7c407c2cedff20999df2af8eb42d56 -> 
========================================================================
Received Import Request.
  Time since last request: 1036.765762 seconds.
  path: Assets/Semana2/ScriptsAI/Steering/Basic/VelocityMatching.cs
  artifactKey: Guid(f61913a2fa69af5418b744d324dbab35) Importer(815301076,1909f56bfc062723c751e8b465ee728b)
Start importing Assets/Semana2/ScriptsAI/Steering/Basic/VelocityMatching.cs using Guid(f61913a2fa69af5418b744d324dbab35) Importer(815301076,1909f56bfc062723c751e8b465ee728b)  -> (artifact id: 'deb6484b16c0152176de30337188f94d') in 0.035265 seconds 
========================================================================
Received Import Request.
  Time since last request: 92.413888 seconds.
  path: Assets/Semana2/ScriptsAI/Steering/Basic/VelocityMatching.cs
  artifactKey: Guid(f61913a2fa69af5418b744d324dbab35) Importer(815301076,1909f56bfc062723c751e8b465ee728b)
Start importing Assets/Semana2/ScriptsAI/Steering/Basic/VelocityMatching.cs using Guid(f61913a2fa69af5418b744d324dbab35) Importer(815301076,1909f56bfc062723c751e8b465ee728b)  -> (artifact id: '19a7dff6ef74643d677d673af17ff40b') in 0.023826 seconds 
========================================================================
Received Import Request.
  Time since last request: 15.291030 seconds.
  path: Assets/Semana2/ScriptsAI/Steering/Basic/VelocityMatching.cs
  artifactKey: Guid(f61913a2fa69af5418b744d324dbab35) Importer(815301076,1909f56bfc062723c751e8b465ee728b)
Start importing Assets/Semana2/ScriptsAI/Steering/Basic/VelocityMatching.cs using Guid(f61913a2fa69af5418b744d324dbab35) Importer(815301076,1909f56bfc062723c751e8b465ee728b)  -> (artifact id: 'a291dfcb4ec4d36b8a1dbd18645bdd4e') in 0.013958 seconds 
========================================================================
Received Import Request.
  Time since last request: 17.592554 seconds.
  path: Assets/Semana2/ScriptsAI/Steering/Basic/VelocityMatching.cs
  artifactKey: Guid(f61913a2fa69af5418b744d324dbab35) Importer(815301076,1909f56bfc062723c751e8b465ee728b)
Start importing Assets/Semana2/ScriptsAI/Steering/Basic/VelocityMatching.cs using Guid(f61913a2fa69af5418b744d324dbab35) Importer(815301076,1909f56bfc062723c751e8b465ee728b)  -> (artifact id: 'c40bf07ef1f6aa26def94d0f9b5dd0cd') in 0.005333 seconds 
========================================================================
Received Prepare
Registering precompiled user dll's ...
Registered in 0.008536 seconds.
Begin MonoManager ReloadAssembly
Symbol file LoadedFromMemory doesn't match image D:\Proyecttos del unidad\Proyecto IADVJ\Library\PackageCache\com.unity.visualscripting@1.7.8\Editor\VisualScripting.Core\Dependencies\YamlDotNet\Unity.VisualScripting.YamlDotNet.dll
Symbol file LoadedFromMemory doesn't match image D:\Proyecttos del unidad\Proyecto IADVJ\Library\PackageCache\com.unity.visualscripting@1.7.8\Editor\VisualScripting.Core\Dependencies\DotNetZip\Unity.VisualScripting.IonicZip.dll
Native extension for WindowsStandalone target not found
Refreshing native plugins compatible for Editor in 0.76 ms, found 3 plugins.
Preloading 0 native plugins for Editor in 0.00 ms.
Mono: successfully reloaded assembly
- Completed reload, in  1.651 seconds
Domain Reload Profiling:
	ReloadAssembly (1652ms)
		BeginReloadAssembly (264ms)
			ExecutionOrderSort (0ms)
			DisableScriptedObjects (13ms)
			BackupInstance (0ms)
			ReleaseScriptingObjects (0ms)
			CreateAndSetChildDomain (93ms)
		EndReloadAssembly (1223ms)
			LoadAssemblies (133ms)
			RebuildTransferFunctionScriptingTraits (0ms)
			SetupTypeCache (460ms)
			ReleaseScriptCaches (3ms)
			RebuildScriptCaches (70ms)
			SetupLoadedEditorAssemblies (505ms)
				LogAssemblyErrors (0ms)
				InitializePlatformSupportModulesInManaged (17ms)
				SetLoadedEditorAssemblies (1ms)
				RefreshPlugins (1ms)
				BeforeProcessingInitializeOnLoad (89ms)
				ProcessInitializeOnLoadAttributes (347ms)
				ProcessInitializeOnLoadMethodAttributes (44ms)
				AfterProcessingInitializeOnLoad (7ms)
				EditorAssembliesLoaded (0ms)
			ExecutionOrderSort2 (0ms)
			AwakeInstancesAfterBackupRestoration (15ms)
Platform modules already initialized, skipping
Refreshing native plugins compatible for Editor in 2.61 ms, found 3 plugins.
Preloading 0 native plugins for Editor in 0.00 ms.
Unloading 3380 Unused Serialized files (Serialized files now loaded: 0)
Unloading 18 unused Assets / (24.6 KB). Loaded Objects now: 3870.
Memory consumption went from 115.9 MB to 115.9 MB.
Total: 7.924500 ms (FindLiveObjects: 0.273800 ms CreateObjectMapping: 0.194500 ms MarkObjects: 7.420700 ms  DeleteObjects: 0.034200 ms)

AssetImportParameters requested are different than current active one (requested -> active):
  custom:video-decoder-ogg-theora: a1e56fd34408186e4bbccfd4996cb3dc -> 
  custom:container-muxer-webm: aa71ff27fc2769a1b78a27578f13a17b -> 
  custom:container-demuxer-webm: 4f35f7cbe854078d1ac9338744f61a02 -> 
  custom:video-encoder-webm-vp8: eb34c28f22e8b96e1ab97ce403110664 -> 
  custom:video-codec-MediaFoundation-h265: 746d11721c4dcdbdad8f713fa42b33f4 -> 
  custom:audio-encoder-webm-vorbis: bf7c407c2cedff20999df2af8eb42d56 -> 
  custom:framework-win-MediaFoundation: 216162199b28c13a410421893ffa2e32 -> 
  custom:container-demuxer-ogg: 62fdf1f143b41e24485cea50d1cbac27 -> 
  custom:video-decoder-webm-vp8: 9c59270c3fd7afecdb556c50c9e8de78 -> 
  custom:audio-decoder-ogg-vorbis: bf7c407c2cedff20999df2af8eb42d56 -> 
========================================================================
Received Import Request.
  Time since last request: 16.804967 seconds.
  path: Assets/Semana2/ScriptsAI/Steering/Basic/VelocityMatching.cs
  artifactKey: Guid(f61913a2fa69af5418b744d324dbab35) Importer(815301076,1909f56bfc062723c751e8b465ee728b)
Start importing Assets/Semana2/ScriptsAI/Steering/Basic/VelocityMatching.cs using Guid(f61913a2fa69af5418b744d324dbab35) Importer(815301076,1909f56bfc062723c751e8b465ee728b)  -> (artifact id: '3e978cdbe994eee0b3ebaa4df7fa5617') in 0.008061 seconds 
========================================================================
Received Import Request.
  Time since last request: 680.421649 seconds.
  path: Assets/Semana2/ScriptsAI/NPC/AgentNPC.cs
  artifactKey: Guid(77d203e69b7ce4a82b2f0a212520fdf0) Importer(815301076,1909f56bfc062723c751e8b465ee728b)
Start importing Assets/Semana2/ScriptsAI/NPC/AgentNPC.cs using Guid(77d203e69b7ce4a82b2f0a212520fdf0) Importer(815301076,1909f56bfc062723c751e8b465ee728b)  -> (artifact id: 'fd5cfc7333df4af331752ba72d607e5a') in 0.066491 seconds 
========================================================================
Received Import Request.
  Time since last request: 237.056431 seconds.
  path: Assets/Semana2/ScriptsAI/NPC/AgentNPC.cs
  artifactKey: Guid(77d203e69b7ce4a82b2f0a212520fdf0) Importer(815301076,1909f56bfc062723c751e8b465ee728b)
Start importing Assets/Semana2/ScriptsAI/NPC/AgentNPC.cs using Guid(77d203e69b7ce4a82b2f0a212520fdf0) Importer(815301076,1909f56bfc062723c751e8b465ee728b)  -> (artifact id: 'ef8f6cf6ec5cb61f70d6de1ee10c111a') in 0.006327 seconds 
========================================================================
Received Import Request.
  Time since last request: 73.098730 seconds.
  path: Assets/Semana2/ScriptsAI/NPC/AgentNPC.cs
  artifactKey: Guid(77d203e69b7ce4a82b2f0a212520fdf0) Importer(815301076,1909f56bfc062723c751e8b465ee728b)
Start importing Assets/Semana2/ScriptsAI/NPC/AgentNPC.cs using Guid(77d203e69b7ce4a82b2f0a212520fdf0) Importer(815301076,1909f56bfc062723c751e8b465ee728b)  -> (artifact id: '765ac7caee623a31df88961928518089') in 0.016414 seconds 
========================================================================
Received Import Request.
  Time since last request: 122.432948 seconds.
  path: Assets/Semana2/ScriptsAI/NPC/AgentNPC.cs
  artifactKey: Guid(77d203e69b7ce4a82b2f0a212520fdf0) Importer(815301076,1909f56bfc062723c751e8b465ee728b)
Start importing Assets/Semana2/ScriptsAI/NPC/AgentNPC.cs using Guid(77d203e69b7ce4a82b2f0a212520fdf0) Importer(815301076,1909f56bfc062723c751e8b465ee728b)  -> (artifact id: 'e7ac5460bd6fd097092b9fe84059bb15') in 0.023392 seconds 
========================================================================
Received Import Request.
  Time since last request: 178.551239 seconds.
  path: Assets/Semana2/ScriptsAI/NPC/AgentNPC.cs
  artifactKey: Guid(77d203e69b7ce4a82b2f0a212520fdf0) Importer(815301076,1909f56bfc062723c751e8b465ee728b)
Start importing Assets/Semana2/ScriptsAI/NPC/AgentNPC.cs using Guid(77d203e69b7ce4a82b2f0a212520fdf0) Importer(815301076,1909f56bfc062723c751e8b465ee728b)  -> (artifact id: 'c9b37019344dadfb569740342a319499') in 0.035693 seconds 
========================================================================
Received Import Request.
  Time since last request: 102.772626 seconds.
  path: Assets/Semana2/Personajes/Kevin Iglesias/Basic Motions/Animations/Idles
  artifactKey: Guid(99b531c8964d97245a8f67495e2a1a95) Importer(815301076,1909f56bfc062723c751e8b465ee728b)
Start importing Assets/Semana2/Personajes/Kevin Iglesias/Basic Motions/Animations/Idles using Guid(99b531c8964d97245a8f67495e2a1a95) Importer(815301076,1909f56bfc062723c751e8b465ee728b)  -> (artifact id: 'e4dcc9bf92689729b7623f73fb062a9f') in 0.004329 seconds 
========================================================================
Received Import Request.
  Time since last request: 0.022245 seconds.
  path: Assets/Store_Unity/Characters/Mini Simple Characters Skeleton Demo/Readme/Scripts/Readme.cs
  artifactKey: Guid(fcf7219bab7fe46a1ad266029b2fee19) Importer(815301076,1909f56bfc062723c751e8b465ee728b)
Start importing Assets/Store_Unity/Characters/Mini Simple Characters Skeleton Demo/Readme/Scripts/Readme.cs using Guid(fcf7219bab7fe46a1ad266029b2fee19) Importer(815301076,1909f56bfc062723c751e8b465ee728b)  -> (artifact id: 'b60cc08abe32a622b47e00780a8a2dee') in 0.003992 seconds 
========================================================================
Received Import Request.
  Time since last request: 0.003681 seconds.
  path: Assets/Semana2/Personajes/BasicMotions@Run01 - Forwards.anim
  artifactKey: Guid(0b9153d358498834f89ed912fa187723) Importer(815301076,1909f56bfc062723c751e8b465ee728b)
Start importing Assets/Semana2/Personajes/BasicMotions@Run01 - Forwards.anim using Guid(0b9153d358498834f89ed912fa187723) Importer(815301076,1909f56bfc062723c751e8b465ee728b)  -> (artifact id: '1b40f29011a731ee1d56be1326bd23d7') in 0.049029 seconds 
========================================================================
Received Import Request.
  Time since last request: 0.000039 seconds.
  path: Assets/Semana2/Personajes/Kevin Iglesias/Basic Motions/AnimationControllers/BasicMotions@Fall.controller
  artifactKey: Guid(441942176ee9a724b9afe936d1d03496) Importer(815301076,1909f56bfc062723c751e8b465ee728b)
Start importing Assets/Semana2/Personajes/Kevin Iglesias/Basic Motions/AnimationControllers/BasicMotions@Fall.controller using Guid(441942176ee9a724b9afe936d1d03496) Importer(815301076,1909f56bfc062723c751e8b465ee728b)  -> (artifact id: '50721cb6ec7471453bc836dccda83e52') in 0.010965 seconds 
========================================================================
Received Import Request.
  Time since last request: 0.007682 seconds.
  path: Assets/Semana2/Personajes/Kevin Iglesias/Basic Motions/Animations/Movement/BasicMotions@Sprint01.fbx
  artifactKey: Guid(7eebd174ff53112419b27f9d903573d7) Importer(815301076,1909f56bfc062723c751e8b465ee728b)
Start importing Assets/Semana2/Personajes/Kevin Iglesias/Basic Motions/Animations/Movement/BasicMotions@Sprint01.fbx using Guid(7eebd174ff53112419b27f9d903573d7) Importer(815301076,1909f56bfc062723c751e8b465ee728b)  -> (artifact id: '3517e4aeb704e446858e12387b259d57') in 0.111988 seconds 
========================================================================
Received Import Request.
  Time since last request: 0.001620 seconds.
  path: Assets/Semana2/ScriptsAI/Steering/Basic/Flee.cs
  artifactKey: Guid(4169020caf681f148bc890f3f7685a9c) Importer(815301076,1909f56bfc062723c751e8b465ee728b)
Start importing Assets/Semana2/ScriptsAI/Steering/Basic/Flee.cs using Guid(4169020caf681f148bc890f3f7685a9c) Importer(815301076,1909f56bfc062723c751e8b465ee728b)  -> (artifact id: '19b933baa2881222446213ee467d1196') in 0.002325 seconds 
========================================================================
Received Import Request.
  Time since last request: 0.003756 seconds.
  path: Assets/Semana2/Personajes/Kevin Iglesias/Basic Motions/Animations
  artifactKey: Guid(7eb11f9df068c2b45bc52cfc0d6e3f25) Importer(815301076,1909f56bfc062723c751e8b465ee728b)
Start importing Assets/Semana2/Personajes/Kevin Iglesias/Basic Motions/Animations using Guid(7eb11f9df068c2b45bc52cfc0d6e3f25) Importer(815301076,1909f56bfc062723c751e8b465ee728b)  -> (artifact id: '4f676254c8e8b80f05cb8c6ee563b310') in 0.002436 seconds 
========================================================================
Received Import Request.
  Time since last request: 0.000763 seconds.
  path: Assets/Semana2/Personajes/Kevin Iglesias/Basic Motions/AnimationControllers/BasicMotions@Talk.controller
  artifactKey: Guid(cd29d18a40f3fb648928275cd121fb86) Importer(815301076,1909f56bfc062723c751e8b465ee728b)
Start importing Assets/Semana2/Personajes/Kevin Iglesias/Basic Motions/AnimationControllers/BasicMotions@Talk.controller using Guid(cd29d18a40f3fb648928275cd121fb86) Importer(815301076,1909f56bfc062723c751e8b465ee728b)  -> (artifact id: '641a66e696078befc5d1863a8140cfe9') in 0.008279 seconds 
========================================================================
Received Import Request.
  Time since last request: 0.002307 seconds.
  path: Assets/Semana2/Personajes/Kevin Iglesias/Basic Motions/Animations/Movement/BasicMotions@Fall01.fbx
  artifactKey: Guid(56b6c6749a263e843b2908fe4580acc1) Importer(815301076,1909f56bfc062723c751e8b465ee728b)
Start importing Assets/Semana2/Personajes/Kevin Iglesias/Basic Motions/Animations/Movement/BasicMotions@Fall01.fbx using Guid(56b6c6749a263e843b2908fe4580acc1) Importer(815301076,1909f56bfc062723c751e8b465ee728b)  -> (artifact id: '1ca775abfea9a36e460326e578e65cc0') in 0.010081 seconds 
========================================================================
Received Import Request.
  Time since last request: 0.000021 seconds.
  path: Assets/Semana2/Personajes/Kevin Iglesias/Basic Motions/Animations/Social
  artifactKey: Guid(4750d68c14a1ffa42abd22e5d906df35) Importer(815301076,1909f56bfc062723c751e8b465ee728b)
Start importing Assets/Semana2/Personajes/Kevin Iglesias/Basic Motions/Animations/Social using Guid(4750d68c14a1ffa42abd22e5d906df35) Importer(815301076,1909f56bfc062723c751e8b465ee728b)  -> (artifact id: 'fd9eefc224bad78047241d104370aff2') in 0.004155 seconds 
========================================================================
Received Import Request.
  Time since last request: 0.003541 seconds.
  path: Assets/Semana2/Personajes/Kevin Iglesias/Basic Motions/Basic Motions - Scene.unity
  artifactKey: Guid(4c590ac6dfcb50f4bb316b95c8f008bb) Importer(815301076,1909f56bfc062723c751e8b465ee728b)
Start importing Assets/Semana2/Personajes/Kevin Iglesias/Basic Motions/Basic Motions - Scene.unity using Guid(4c590ac6dfcb50f4bb316b95c8f008bb) Importer(815301076,1909f56bfc062723c751e8b465ee728b)  -> (artifact id: 'c7f36ee84a6d0ddff727811e5ae5611c') in 0.002174 seconds 
========================================================================
Received Import Request.
  Time since last request: 0.021760 seconds.
  path: Assets/Semana2/Personajes/Kevin Iglesias/Basic Motions/Animations/Idles/BasicMotions@Idle02.fbx
  artifactKey: Guid(69d59c13a83a7c74a8cc0607ded391ec) Importer(815301076,1909f56bfc062723c751e8b465ee728b)
Start importing Assets/Semana2/Personajes/Kevin Iglesias/Basic Motions/Animations/Idles/BasicMotions@Idle02.fbx using Guid(69d59c13a83a7c74a8cc0607ded391ec) Importer(815301076,1909f56bfc062723c751e8b465ee728b)  -> (artifact id: '3eb86039719770308f15f61834924e23') in 0.010503 seconds 
========================================================================
Received Import Request.
  Time since last request: 0.002046 seconds.
  path: Assets/Semana2/Personajes/Kevin Iglesias/Basic Motions/AnimationControllers/BasicMotions@Walk.controller
  artifactKey: Guid(75d3a58b3d7879f41926561701407a48) Importer(815301076,1909f56bfc062723c751e8b465ee728b)
Start importing Assets/Semana2/Personajes/Kevin Iglesias/Basic Motions/AnimationControllers/BasicMotions@Walk.controller using Guid(75d3a58b3d7879f41926561701407a48) Importer(815301076,1909f56bfc062723c751e8b465ee728b)  -> (artifact id: 'c6131aff176a6e9ed64b36a68ec57921') in 0.006735 seconds 
========================================================================
Received Import Request.
  Time since last request: 0.022119 seconds.
  path: Assets/Semana2/Personajes/Kevin Iglesias/Basic Motions/Animations/Idles/BasicMotions@Idle01.fbx
  artifactKey: Guid(a3422ad278cd9a94aa3da8e6bff9deea) Importer(815301076,1909f56bfc062723c751e8b465ee728b)
Start importing Assets/Semana2/Personajes/Kevin Iglesias/Basic Motions/Animations/Idles/BasicMotions@Idle01.fbx using Guid(a3422ad278cd9a94aa3da8e6bff9deea) Importer(815301076,1909f56bfc062723c751e8b465ee728b)  -> (artifact id: 'c3e1c3aae183e79b09f8209b56cf2704') in 0.013623 seconds 
========================================================================
Received Import Request.
  Time since last request: 0.001865 seconds.
  path: Assets/Semana2/Personajes/Kevin Iglesias/Basic Motions/AnimationControllers/BasicMotions@Strafe.controller
  artifactKey: Guid(4a89b7a8240b5ed428f86209704c5b45) Importer(815301076,1909f56bfc062723c751e8b465ee728b)
Start importing Assets/Semana2/Personajes/Kevin Iglesias/Basic Motions/AnimationControllers/BasicMotions@Strafe.controller using Guid(4a89b7a8240b5ed428f86209704c5b45) Importer(815301076,1909f56bfc062723c751e8b465ee728b)  -> (artifact id: '810f1472c11500849d0e372af0a0a06e') in 0.006770 seconds 
========================================================================
Received Import Request.
  Time since last request: 0.000050 seconds.
  path: Assets/Semana2/Personajes/Kevin Iglesias/Basic Motions/Models
  artifactKey: Guid(c310a300a0358f94f81e0eeb585d6cf4) Importer(815301076,1909f56bfc062723c751e8b465ee728b)
Start importing Assets/Semana2/Personajes/Kevin Iglesias/Basic Motions/Models using Guid(c310a300a0358f94f81e0eeb585d6cf4) Importer(815301076,1909f56bfc062723c751e8b465ee728b)  -> (artifact id: 'f137f79b6d3aa7724ecf84e03fb41deb') in 0.005059 seconds 
========================================================================
Received Import Request.
  Time since last request: 0.078625 seconds.
  path: Assets/Semana2/Personajes/Kevin Iglesias/Basic Motions/Animations/Movement/BasicMotions@Walk01.fbx
  artifactKey: Guid(bd1c2e9064da28e4fb0fe4a3f6ff4e33) Importer(815301076,1909f56bfc062723c751e8b465ee728b)
Start importing Assets/Semana2/Personajes/Kevin Iglesias/Basic Motions/Animations/Movement/BasicMotions@Walk01.fbx using Guid(bd1c2e9064da28e4fb0fe4a3f6ff4e33) Importer(815301076,1909f56bfc062723c751e8b465ee728b)  -> (artifact id: 'f61cde621d3a2bf8d537ebd7d0737803') in 0.024711 seconds 
========================================================================
Received Import Request.
  Time since last request: 0.003979 seconds.
  path: Assets/Semana2/Personajes/Kevin Iglesias/Basic Motions/Materials
  artifactKey: Guid(c662af2c1e85adc41b3fc5e08da4edd8) Importer(815301076,1909f56bfc062723c751e8b465ee728b)
Start importing Assets/Semana2/Personajes/Kevin Iglesias/Basic Motions/Materials using Guid(c662af2c1e85adc41b3fc5e08da4edd8) Importer(815301076,1909f56bfc062723c751e8b465ee728b)  -> (artifact id: 'c6bc4354770068d27e6584516c6e5b01') in 0.002634 seconds 
========================================================================
Received Import Request.
  Time since last request: 0.012977 seconds.
  path: Assets/Semana2/Personajes/Kevin Iglesias/Basic Motions/Animations/Movement/BasicMotions@Jump01.fbx
  artifactKey: Guid(067cc188e25b78b4a940a9fa67cd6ee7) Importer(815301076,1909f56bfc062723c751e8b465ee728b)
Start importing Assets/Semana2/Personajes/Kevin Iglesias/Basic Motions/Animations/Movement/BasicMotions@Jump01.fbx using Guid(067cc188e25b78b4a940a9fa67cd6ee7) Importer(815301076,1909f56bfc062723c751e8b465ee728b)  -> (artifact id: 'fafb38d577f57af51151594a54badf0b') in 0.011016 seconds 
========================================================================
Received Import Request.
  Time since last request: 0.003924 seconds.
  path: Assets/Semana2/Personajes/Kevin Iglesias/Basic Motions/Animations/Social/Conversation
  artifactKey: Guid(a50fa9d58102d31468d7330363fc98a0) Importer(815301076,1909f56bfc062723c751e8b465ee728b)
Start importing Assets/Semana2/Personajes/Kevin Iglesias/Basic Motions/Animations/Social/Conversation using Guid(a50fa9d58102d31468d7330363fc98a0) Importer(815301076,1909f56bfc062723c751e8b465ee728b)  -> (artifact id: '40e667eb3ad0ab6444bc971774fd0baa') in 0.003854 seconds 
========================================================================
Received Import Request.
  Time since last request: 0.000028 seconds.
  path: Assets/Semana2/Personajes/Kevin Iglesias/Basic Motions/AnimationControllers
  artifactKey: Guid(2772e80ca8ca2eb438c6fad54e343aca) Importer(815301076,1909f56bfc062723c751e8b465ee728b)
Start importing Assets/Semana2/Personajes/Kevin Iglesias/Basic Motions/AnimationControllers using Guid(2772e80ca8ca2eb438c6fad54e343aca) Importer(815301076,1909f56bfc062723c751e8b465ee728b)  -> (artifact id: '7faa77f2b2b8c13a2832f7dbc2f0f8cc') in 0.060012 seconds 
========================================================================
Received Import Request.
  Time since last request: 0.000026 seconds.
  path: Assets/Semana2/Animator
  artifactKey: Guid(fe6e8f2740df74a4a923cfe745647dd5) Importer(815301076,1909f56bfc062723c751e8b465ee728b)
Start importing Assets/Semana2/Animator using Guid(fe6e8f2740df74a4a923cfe745647dd5) Importer(815301076,1909f56bfc062723c751e8b465ee728b)  -> (artifact id: 'e28da5c81cba0c835cffa110d75d71b0') in 0.003729 seconds 
========================================================================
Received Import Request.
  Time since last request: 0.003984 seconds.
  path: Assets/Semana2/Personajes/BasicMotions@Walk01 - Forwards.anim
  artifactKey: Guid(af5b12963e6fe3448bb99301e5587961) Importer(815301076,1909f56bfc062723c751e8b465ee728b)
Start importing Assets/Semana2/Personajes/BasicMotions@Walk01 - Forwards.anim using Guid(af5b12963e6fe3448bb99301e5587961) Importer(815301076,1909f56bfc062723c751e8b465ee728b)  -> (artifact id: 'c526b26926d06638884341af4438c7fb') in 0.020568 seconds 
========================================================================
Received Import Request.
  Time since last request: 0.128709 seconds.
  path: Assets/Store_Unity/Characters/Mini Simple Characters Skeleton Demo/Readme/Icons/Help_Icon.png
  artifactKey: Guid(a186f8a87ca4f4d3aa864638ad5dfb65) Importer(815301076,1909f56bfc062723c751e8b465ee728b)
Start importing Assets/Store_Unity/Characters/Mini Simple Characters Skeleton Demo/Readme/Icons/Help_Icon.png using Guid(a186f8a87ca4f4d3aa864638ad5dfb65) Importer(815301076,1909f56bfc062723c751e8b465ee728b)  -> (artifact id: '1d22c16ae62d6e4bd8ba35e93f2f6ebf') in 0.135886 seconds 
========================================================================
Received Import Request.
  Time since last request: 0.019623 seconds.
  path: Assets/Semana2/Personajes/Kevin Iglesias/Basic Motions/Models/BasicMotionsDummyModel.fbx
  artifactKey: Guid(5917c0e93d180a842b61d1ebc62a195c) Importer(815301076,1909f56bfc062723c751e8b465ee728b)
Start importing Assets/Semana2/Personajes/Kevin Iglesias/Basic Motions/Models/BasicMotionsDummyModel.fbx using Guid(5917c0e93d180a842b61d1ebc62a195c) Importer(815301076,1909f56bfc062723c751e8b465ee728b)  -> (artifact id: 'e889ffd4e14442b7730eea21a66b0a09') in 0.176742 seconds 
========================================================================
Received Import Request.
  Time since last request: 0.000419 seconds.
  path: Assets/Semana2/ScriptsAI/NPC/Bodi.cs
  artifactKey: Guid(d4bb78c02562c4b25808f61f622b0b21) Importer(815301076,1909f56bfc062723c751e8b465ee728b)
Start importing Assets/Semana2/ScriptsAI/NPC/Bodi.cs using Guid(d4bb78c02562c4b25808f61f622b0b21) Importer(815301076,1909f56bfc062723c751e8b465ee728b)  -> (artifact id: '92dc53cd4ebb02c993fa4d14a947f771') in 0.001796 seconds 
========================================================================
Received Import Request.
  Time since last request: 0.008511 seconds.
  path: Assets/Store_Unity/Characters/Mini Simple Characters Skeleton Demo/Readme/Scripts/Editor/ReadmeEditor.cs
  artifactKey: Guid(476cc7d7cd9874016adc216baab94a0a) Importer(815301076,1909f56bfc062723c751e8b465ee728b)
Start importing Assets/Store_Unity/Characters/Mini Simple Characters Skeleton Demo/Readme/Scripts/Editor/ReadmeEditor.cs using Guid(476cc7d7cd9874016adc216baab94a0a) Importer(815301076,1909f56bfc062723c751e8b465ee728b)  -> (artifact id: '3bfe32a644235ccc1f72a74dc502ea1d') in 0.003150 seconds 
========================================================================
Received Import Request.
  Time since last request: 0.000039 seconds.
  path: Assets/Semana2/Personajes/Kevin Iglesias/Basic Motions/Animations/Social/Conversation/BasicMotions@Talk01.fbx
  artifactKey: Guid(d42c5615ec78fc34cbcaf031b2975360) Importer(815301076,1909f56bfc062723c751e8b465ee728b)
Start importing Assets/Semana2/Personajes/Kevin Iglesias/Basic Motions/Animations/Social/Conversation/BasicMotions@Talk01.fbx using Guid(d42c5615ec78fc34cbcaf031b2975360) Importer(815301076,1909f56bfc062723c751e8b465ee728b)  -> (artifact id: 'd508d57989a390af1ecd1fc83224d6de') in 0.016466 seconds 
========================================================================
Received Import Request.
  Time since last request: 0.000350 seconds.
  path: Assets/Semana2/Personajes/Kevin Iglesias/Basic Motions/Textures
  artifactKey: Guid(814c701abdfcecd4d944ab1fa1eff14d) Importer(815301076,1909f56bfc062723c751e8b465ee728b)
Start importing Assets/Semana2/Personajes/Kevin Iglesias/Basic Motions/Textures using Guid(814c701abdfcecd4d944ab1fa1eff14d) Importer(815301076,1909f56bfc062723c751e8b465ee728b)  -> (artifact id: 'dba57c115667624d4f68cb41085c4768') in 0.003645 seconds 
========================================================================
Received Import Request.
  Time since last request: 0.000039 seconds.
  path: Assets/Semana2/ScriptsAI/Steering/Basic/Seek.cs
  artifactKey: Guid(b7a2ed17f613a8749964588d750da61f) Importer(815301076,1909f56bfc062723c751e8b465ee728b)
Start importing Assets/Semana2/ScriptsAI/Steering/Basic/Seek.cs using Guid(b7a2ed17f613a8749964588d750da61f) Importer(815301076,1909f56bfc062723c751e8b465ee728b)  -> (artifact id: '7412c75e069079ed6284d3dd4bee0cb2') in 0.002060 seconds 
========================================================================
Received Import Request.
  Time since last request: 0.000349 seconds.
  path: Assets/Semana2/Personajes/Kevin Iglesias/Basic Motions/Animations/Movement
  artifactKey: Guid(162d3c986ae81044b8e9de5caae05de1) Importer(815301076,1909f56bfc062723c751e8b465ee728b)
Start importing Assets/Semana2/Personajes/Kevin Iglesias/Basic Motions/Animations/Movement using Guid(162d3c986ae81044b8e9de5caae05de1) Importer(815301076,1909f56bfc062723c751e8b465ee728b)  -> (artifact id: 'df37749e8334ca9fc0008f0d72c63dfc') in 0.002096 seconds 
========================================================================
Received Import Request.
  Time since last request: 0.007849 seconds.
  path: Assets/Semana2/Personajes/BasicMotions@Idle01.anim
  artifactKey: Guid(0f5a8c2893a6c104e95be665866cc378) Importer(815301076,1909f56bfc062723c751e8b465ee728b)
Start importing Assets/Semana2/Personajes/BasicMotions@Idle01.anim using Guid(0f5a8c2893a6c104e95be665866cc378) Importer(815301076,1909f56bfc062723c751e8b465ee728b)  -> (artifact id: '9a8322f3dd532e5bb5ab9344413c8ae5') in 0.065046 seconds 
========================================================================
Received Import Request.
  Time since last request: 0.003464 seconds.
  path: Assets/Semana2/Personajes/Kevin Iglesias/Basic Motions/Materials/BasicMotionsFloor.mat
  artifactKey: Guid(02490f38574ec9541a91585b214de9f6) Importer(815301076,1909f56bfc062723c751e8b465ee728b)
Start importing Assets/Semana2/Personajes/Kevin Iglesias/Basic Motions/Materials/BasicMotionsFloor.mat using Guid(02490f38574ec9541a91585b214de9f6) Importer(815301076,1909f56bfc062723c751e8b465ee728b)  -> (artifact id: '7845a0693c36426b4be8cee334e78ca7') in 0.067265 seconds 
========================================================================
Received Import Request.
  Time since last request: 0.103823 seconds.
  path: Assets/Semana2/Personajes/Kevin Iglesias/Basic Motions/Animations/Movement/BasicMotions@Strafe01.fbx
  artifactKey: Guid(965e8fa8f0644d741bc9baca0a3954fe) Importer(815301076,1909f56bfc062723c751e8b465ee728b)
Start importing Assets/Semana2/Personajes/Kevin Iglesias/Basic Motions/Animations/Movement/BasicMotions@Strafe01.fbx using Guid(965e8fa8f0644d741bc9baca0a3954fe) Importer(815301076,1909f56bfc062723c751e8b465ee728b)  -> (artifact id: 'bca5eb1388cda41c768c3d7c35ffec93') in 0.008015 seconds 
========================================================================
Received Import Request.
  Time since last request: 0.002649 seconds.
  path: Assets/Semana2/Personajes/Kevin Iglesias/Basic Motions/Textures/BasicMotionsTexture.png
  artifactKey: Guid(fad9765a35536374695ea4ff22aca373) Importer(815301076,1909f56bfc062723c751e8b465ee728b)
Start importing Assets/Semana2/Personajes/Kevin Iglesias/Basic Motions/Textures/BasicMotionsTexture.png using Guid(fad9765a35536374695ea4ff22aca373) Importer(815301076,1909f56bfc062723c751e8b465ee728b)  -> (artifact id: '7c1839569b3476c50009468a1c1eaacf') in 0.013655 seconds 
========================================================================
Received Import Request.
  Time since last request: 0.018010 seconds.
  path: Assets/Semana2/Personajes/Kevin Iglesias/Basic Motions/Materials/BasicMotionsMaterial.mat
  artifactKey: Guid(ccc50d631d14df84a982c4f4acd00013) Importer(815301076,1909f56bfc062723c751e8b465ee728b)
Start importing Assets/Semana2/Personajes/Kevin Iglesias/Basic Motions/Materials/BasicMotionsMaterial.mat using Guid(ccc50d631d14df84a982c4f4acd00013) Importer(815301076,1909f56bfc062723c751e8b465ee728b)  -> (artifact id: '5c0948dd1cf4d4f691168f4a5b0d04c1') in 0.493768 seconds 
========================================================================
Received Import Request.
  Time since last request: 0.088330 seconds.
  path: Assets/Semana2/Personajes/Kevin Iglesias/Basic Motions/AnimationControllers/BasicMotions@Sprint.controller
  artifactKey: Guid(6cc513001c84c714baa94b6d24a332c4) Importer(815301076,1909f56bfc062723c751e8b465ee728b)
Start importing Assets/Semana2/Personajes/Kevin Iglesias/Basic Motions/AnimationControllers/BasicMotions@Sprint.controller using Guid(6cc513001c84c714baa94b6d24a332c4) Importer(815301076,1909f56bfc062723c751e8b465ee728b)  -> (artifact id: 'a0fc8eb51e6d4bd5465b5d231ac04e95') in 0.004786 seconds 
========================================================================
Received Import Request.
  Time since last request: 0.003160 seconds.
  path: Assets/Semana2/Personajes/Kevin Iglesias/Basic Motions/Prefabs/BasicMotionsDummy.prefab
  artifactKey: Guid(7856c197eb4c77840878eba92e1c48b7) Importer(815301076,1909f56bfc062723c751e8b465ee728b)
Start importing Assets/Semana2/Personajes/Kevin Iglesias/Basic Motions/Prefabs/BasicMotionsDummy.prefab using Guid(7856c197eb4c77840878eba92e1c48b7) Importer(815301076,1909f56bfc062723c751e8b465ee728b)  -> (artifact id: 'edf091f5e758b9a037eb52000d552c22') in 0.043291 seconds 
========================================================================
Received Import Request.
  Time since last request: 0.002583 seconds.
  path: Assets/Semana2/Personajes/Kevin Iglesias/Basic Motions/AnimationControllers/BasicMotions@Run.controller
  artifactKey: Guid(eb79e3fd0dd669f40a90a984b92a0ccf) Importer(815301076,1909f56bfc062723c751e8b465ee728b)
Start importing Assets/Semana2/Personajes/Kevin Iglesias/Basic Motions/AnimationControllers/BasicMotions@Run.controller using Guid(eb79e3fd0dd669f40a90a984b92a0ccf) Importer(815301076,1909f56bfc062723c751e8b465ee728b)  -> (artifact id: '895601eb5c26057460dd4f5b2ce18eee') in 0.006283 seconds 
========================================================================
Received Import Request.
  Time since last request: 0.000036 seconds.
  path: Assets/Semana2/Personajes/Kevin Iglesias/Basic Motions/AnimationControllers/BasicMotions@Jump.controller
  artifactKey: Guid(54ff599963ec97843ad4d4ddeeb61810) Importer(815301076,1909f56bfc062723c751e8b465ee728b)
Start importing Assets/Semana2/Personajes/Kevin Iglesias/Basic Motions/AnimationControllers/BasicMotions@Jump.controller using Guid(54ff599963ec97843ad4d4ddeeb61810) Importer(815301076,1909f56bfc062723c751e8b465ee728b)  -> (artifact id: '60a00ad2416a021464f90b561cd811c3') in 0.004897 seconds 
========================================================================
Received Import Request.
  Time since last request: 0.000038 seconds.
  path: Assets/Semana2/ScriptsAI/NPC/Agent.cs
  artifactKey: Guid(201ea9467fe8b4df39189d4018f0365a) Importer(815301076,1909f56bfc062723c751e8b465ee728b)
Start importing Assets/Semana2/ScriptsAI/NPC/Agent.cs using Guid(201ea9467fe8b4df39189d4018f0365a) Importer(815301076,1909f56bfc062723c751e8b465ee728b)  -> (artifact id: '824e81520fb2f890f41c297b0534f3ee') in 0.002142 seconds 
========================================================================
Received Import Request.
  Time since last request: 0.001718 seconds.
  path: Assets/Semana2/Animator/AnimacionBasica.controller
  artifactKey: Guid(68663bb452e782d46ba5efc085d4fe6d) Importer(815301076,1909f56bfc062723c751e8b465ee728b)
Start importing Assets/Semana2/Animator/AnimacionBasica.controller using Guid(68663bb452e782d46ba5efc085d4fe6d) Importer(815301076,1909f56bfc062723c751e8b465ee728b)  -> (artifact id: '4db5b9e330425c10f53999f9f3f49611') in 0.004901 seconds 
========================================================================
Received Import Request.
  Time since last request: 0.021581 seconds.
  path: Assets/Semana2/Personajes/Kevin Iglesias/Basic Motions/Animations/Movement/BasicMotions@Run01.fbx
  artifactKey: Guid(154a724602422044c91070a5f3c67c11) Importer(815301076,1909f56bfc062723c751e8b465ee728b)
Start importing Assets/Semana2/Personajes/Kevin Iglesias/Basic Motions/Animations/Movement/BasicMotions@Run01.fbx using Guid(154a724602422044c91070a5f3c67c11) Importer(815301076,1909f56bfc062723c751e8b465ee728b)  -> (artifact id: '317fe2e3e5a53e439fcb61e0eb0db71b') in 0.017733 seconds 
========================================================================
Received Import Request.
  Time since last request: 0.009413 seconds.
  path: Assets/Semana2/Personajes/Kevin Iglesias/Basic Motions/Prefabs
  artifactKey: Guid(09f81d62173a5e740ac94844bbe0316e) Importer(815301076,1909f56bfc062723c751e8b465ee728b)
Start importing Assets/Semana2/Personajes/Kevin Iglesias/Basic Motions/Prefabs using Guid(09f81d62173a5e740ac94844bbe0316e) Importer(815301076,1909f56bfc062723c751e8b465ee728b)  -> (artifact id: '1c3ae90128d97e3c2ee23fdb6722e69f') in 0.004760 seconds 
========================================================================
Received Import Request.
  Time since last request: 0.007395 seconds.
  path: Assets/Semana2/Personajes/Kevin Iglesias/Basic Motions
  artifactKey: Guid(2cb279c410b7a3e4dbf4aab42283effa) Importer(815301076,1909f56bfc062723c751e8b465ee728b)
Start importing Assets/Semana2/Personajes/Kevin Iglesias/Basic Motions using Guid(2cb279c410b7a3e4dbf4aab42283effa) Importer(815301076,1909f56bfc062723c751e8b465ee728b)  -> (artifact id: 'c0c17348febb5cfb9d0c3e75032ab964') in 0.003870 seconds 
========================================================================
Received Import Request.
  Time since last request: 0.009793 seconds.
  path: Assets/Semana2/Personajes/Kevin Iglesias/Basic Motions/AnimationControllers/BasicMotions@Idle.controller
  artifactKey: Guid(a8555c0cff30527479e32562cef9141f) Importer(815301076,1909f56bfc062723c751e8b465ee728b)
Start importing Assets/Semana2/Personajes/Kevin Iglesias/Basic Motions/AnimationControllers/BasicMotions@Idle.controller using Guid(a8555c0cff30527479e32562cef9141f) Importer(815301076,1909f56bfc062723c751e8b465ee728b)  -> (artifact id: '952a90dad56d743871ebe9fd6557bd82') in 0.008172 seconds 
========================================================================
Received Import Request.
  Time since last request: 0.000031 seconds.
  path: Assets/Semana2/Personajes/Kevin Iglesias
  artifactKey: Guid(074b0590ddc74d04dae8cffb70809c7d) Importer(815301076,1909f56bfc062723c751e8b465ee728b)
Start importing Assets/Semana2/Personajes/Kevin Iglesias using Guid(074b0590ddc74d04dae8cffb70809c7d) Importer(815301076,1909f56bfc062723c751e8b465ee728b)  -> (artifact id: '0ff806daa89e4a83d19ec6f6ac653fce') in 0.004694 seconds 
========================================================================
Received Import Request.
  Time since last request: 0.010924 seconds.
  path: Assets/Semana2/Scenes/MovimientoAnimado_Solucion.unity
  artifactKey: Guid(9f8584cbd5423b947bb4d30e6327cbbf) Importer(815301076,1909f56bfc062723c751e8b465ee728b)
Start importing Assets/Semana2/Scenes/MovimientoAnimado_Solucion.unity using Guid(9f8584cbd5423b947bb4d30e6327cbbf) Importer(815301076,1909f56bfc062723c751e8b465ee728b)  -> (artifact id: '9d7d4f417d658494fa7c3527235ebfff') in 0.002213 seconds 
========================================================================
Received Prepare
Registering precompiled user dll's ...
Registered in 0.008016 seconds.
Begin MonoManager ReloadAssembly
Symbol file LoadedFromMemory doesn't match image D:\Proyecttos del unidad\Proyecto IADVJ\Library\PackageCache\com.unity.visualscripting@1.7.8\Editor\VisualScripting.Core\Dependencies\YamlDotNet\Unity.VisualScripting.YamlDotNet.dll
Symbol file LoadedFromMemory doesn't match image D:\Proyecttos del unidad\Proyecto IADVJ\Library\PackageCache\com.unity.visualscripting@1.7.8\Editor\VisualScripting.Core\Dependencies\DotNetZip\Unity.VisualScripting.IonicZip.dll
Native extension for WindowsStandalone target not found
Refreshing native plugins compatible for Editor in 0.98 ms, found 3 plugins.
Preloading 0 native plugins for Editor in 0.00 ms.
Mono: successfully reloaded assembly
- Completed reload, in  1.910 seconds
Domain Reload Profiling:
	ReloadAssembly (1912ms)
		BeginReloadAssembly (365ms)
			ExecutionOrderSort (0ms)
			DisableScriptedObjects (9ms)
			BackupInstance (0ms)
			ReleaseScriptingObjects (0ms)
			CreateAndSetChildDomain (71ms)
		EndReloadAssembly (1313ms)
			LoadAssemblies (195ms)
			RebuildTransferFunctionScriptingTraits (0ms)
			SetupTypeCache (456ms)
			ReleaseScriptCaches (1ms)
			RebuildScriptCaches (77ms)
			SetupLoadedEditorAssemblies (551ms)
				LogAssemblyErrors (0ms)
				InitializePlatformSupportModulesInManaged (17ms)
				SetLoadedEditorAssemblies (1ms)
				RefreshPlugins (1ms)
				BeforeProcessingInitializeOnLoad (101ms)
				ProcessInitializeOnLoadAttributes (381ms)
				ProcessInitializeOnLoadMethodAttributes (43ms)
				AfterProcessingInitializeOnLoad (7ms)
				EditorAssembliesLoaded (0ms)
			ExecutionOrderSort2 (0ms)
			AwakeInstancesAfterBackupRestoration (17ms)
Platform modules already initialized, skipping
Refreshing native plugins compatible for Editor in 2.85 ms, found 3 plugins.
Preloading 0 native plugins for Editor in 0.00 ms.
Unloading 3380 Unused Serialized files (Serialized files now loaded: 0)
Unloading 18 unused Assets / (24.6 KB). Loaded Objects now: 3923.
Memory consumption went from 133.9 MB to 133.9 MB.
Total: 5.427200 ms (FindLiveObjects: 0.881500 ms CreateObjectMapping: 0.665700 ms MarkObjects: 3.845600 ms  DeleteObjects: 0.030700 ms)

AssetImportParameters requested are different than current active one (requested -> active):
  custom:video-decoder-ogg-theora: a1e56fd34408186e4bbccfd4996cb3dc -> 
  custom:container-muxer-webm: aa71ff27fc2769a1b78a27578f13a17b -> 
  custom:container-demuxer-webm: 4f35f7cbe854078d1ac9338744f61a02 -> 
  custom:video-encoder-webm-vp8: eb34c28f22e8b96e1ab97ce403110664 -> 
  custom:video-codec-MediaFoundation-h265: 746d11721c4dcdbdad8f713fa42b33f4 -> 
  custom:audio-encoder-webm-vorbis: bf7c407c2cedff20999df2af8eb42d56 -> 
  custom:framework-win-MediaFoundation: 216162199b28c13a410421893ffa2e32 -> 
  custom:container-demuxer-ogg: 62fdf1f143b41e24485cea50d1cbac27 -> 
  custom:video-decoder-webm-vp8: 9c59270c3fd7afecdb556c50c9e8de78 -> 
  custom:audio-decoder-ogg-vorbis: bf7c407c2cedff20999df2af8eb42d56 -> 
